[0.177s] Invoking command in '/home/advaypakhale/Documents/ros2_ws/src/controls_ws/build/custom_msgs': CMAKE_PREFIX_PATH=/opt/ros/humble /home/advaypakhale/.local/bin/cmake /home/advaypakhale/Documents/ros2_ws/src/controls_ws/custom_msgs -DCMAKE_INSTALL_PREFIX=/home/advaypakhale/Documents/ros2_ws/src/controls_ws/install/custom_msgs
[0.487s] -- The C compiler identification is GNU 11.4.0
[0.488s] -- The CXX compiler identification is GNU 11.4.0
[0.488s] -- Detecting C compiler ABI info
[0.488s] -- Detecting C compiler ABI info - done
[0.488s] -- Check for working C compiler: /usr/bin/cc - skipped
[0.489s] -- Detecting C compile features
[0.489s] -- Detecting C compile features - done
[0.489s] -- Detecting CXX compiler ABI info
[0.489s] -- Detecting CXX compiler ABI info - done
[0.489s] -- Check for working CXX compiler: /usr/bin/c++ - skipped
[0.489s] -- Detecting CXX compile features
[0.489s] -- Detecting CXX compile features - done
[0.490s] -- Found ament_cmake: 1.3.6 (/opt/ros/humble/share/ament_cmake/cmake)
[2.131s] -- Found Python3: /home/advaypakhale/.pyenv/shims/python3.10 (found version "3.10.12") found components: Interpreter 
[2.251s] -- Found std_msgs: 4.2.3 (/opt/ros/humble/share/std_msgs/cmake)
[2.290s] -- Found rosidl_generator_c: 3.1.5 (/opt/ros/humble/share/rosidl_generator_c/cmake)
[2.296s] -- Found rosidl_adapter: 3.1.5 (/opt/ros/humble/share/rosidl_adapter/cmake)
[2.306s] -- Found rosidl_generator_cpp: 3.1.5 (/opt/ros/humble/share/rosidl_generator_cpp/cmake)
[2.322s] -- Using all available rosidl_typesupport_c: rosidl_typesupport_fastrtps_c;rosidl_typesupport_introspection_c
[2.349s] -- Using all available rosidl_typesupport_cpp: rosidl_typesupport_fastrtps_cpp;rosidl_typesupport_introspection_cpp
[2.420s] -- Found rosidl_default_generators: 1.2.0 (/opt/ros/humble/share/rosidl_default_generators/cmake)
[2.430s] -- Found ament_lint_auto: 0.12.9 (/opt/ros/humble/share/ament_lint_auto/cmake)
[3.449s] -- Found ament_cmake_ros: 0.10.0 (/opt/ros/humble/share/ament_cmake_ros/cmake)
[5.488s] -- Using all available rosidl_typesupport_c: rosidl_typesupport_fastrtps_c;rosidl_typesupport_introspection_c
[6.308s] -- Using all available rosidl_typesupport_cpp: rosidl_typesupport_fastrtps_cpp;rosidl_typesupport_introspection_cpp
[6.310s] [33mCMake Warning (dev) at /opt/ros/humble/share/rosidl_generator_py/cmake/rosidl_generator_py_generate_interfaces.cmake:20 (find_package):
[6.310s]   Policy CMP0148 is not set: The FindPythonInterp and FindPythonLibs modules
[6.310s]   are removed.  Run "cmake --help-policy CMP0148" for policy details.  Use
[6.310s]   the cmake_policy command to set the policy and suppress this warning.
[6.310s] 
[6.310s] Call Stack (most recent call first):
[6.310s]   /opt/ros/humble/share/ament_cmake_core/cmake/core/ament_execute_extensions.cmake:48 (include)
[6.311s]   /opt/ros/humble/share/rosidl_cmake/cmake/rosidl_generate_interfaces.cmake:286 (ament_execute_extensions)
[6.311s]   CMakeLists.txt:29 (rosidl_generate_interfaces)
[6.311s] This warning is for project developers.  Use -Wno-dev to suppress it.
[6.311s] [0m
[6.368s] -- Found PythonInterp: /home/advaypakhale/.pyenv/shims/python3 (found suitable version "3.10.12", minimum required is "3.6") 
[6.370s] -- Found python_cmake_module: 0.10.0 (/opt/ros/humble/share/python_cmake_module/cmake)
[6.370s] [33mCMake Warning (dev) at /opt/ros/humble/share/python_cmake_module/cmake/Modules/FindPythonExtra.cmake:52 (find_package):
[6.370s]   Policy CMP0148 is not set: The FindPythonInterp and FindPythonLibs modules
[6.370s]   are removed.  Run "cmake --help-policy CMP0148" for policy details.  Use
[6.370s]   the cmake_policy command to set the policy and suppress this warning.
[6.371s] 
[6.371s] Call Stack (most recent call first):
[6.371s]   /opt/ros/humble/share/rosidl_generator_py/cmake/rosidl_generator_py_generate_interfaces.cmake:23 (find_package)
[6.371s]   /opt/ros/humble/share/ament_cmake_core/cmake/core/ament_execute_extensions.cmake:48 (include)
[6.371s]   /opt/ros/humble/share/rosidl_cmake/cmake/rosidl_generate_interfaces.cmake:286 (ament_execute_extensions)
[6.371s]   CMakeLists.txt:29 (rosidl_generate_interfaces)
[6.371s] This warning is for project developers.  Use -Wno-dev to suppress it.
[6.371s] [0m
[6.427s] [33mCMake Warning (dev) at /opt/ros/humble/share/python_cmake_module/cmake/Modules/FindPythonExtra.cmake:140 (find_package):
[6.427s]   Policy CMP0148 is not set: The FindPythonInterp and FindPythonLibs modules
[6.427s]   are removed.  Run "cmake --help-policy CMP0148" for policy details.  Use
[6.427s]   the cmake_policy command to set the policy and suppress this warning.
[6.427s] 
[6.428s] Call Stack (most recent call first):
[6.428s]   /opt/ros/humble/share/rosidl_generator_py/cmake/rosidl_generator_py_generate_interfaces.cmake:23 (find_package)
[6.428s]   /opt/ros/humble/share/ament_cmake_core/cmake/core/ament_execute_extensions.cmake:48 (include)
[6.428s]   /opt/ros/humble/share/rosidl_cmake/cmake/rosidl_generate_interfaces.cmake:286 (ament_execute_extensions)
[6.428s]   CMakeLists.txt:29 (rosidl_generate_interfaces)
[6.428s] This warning is for project developers.  Use -Wno-dev to suppress it.
[6.428s] [0m
[6.434s] -- Found PythonLibs: /usr/lib/x86_64-linux-gnu/libpython3.10.so (found suitable version "3.10.12", minimum required is "3.5") 
[6.434s] -- Using PYTHON_EXECUTABLE: /home/advaypakhale/.pyenv/shims/python3
[6.434s] -- Using PYTHON_INCLUDE_DIRS: /usr/include/python3.10
[6.434s] -- Using PYTHON_LIBRARIES: /usr/lib/x86_64-linux-gnu/libpython3.10.so
[6.492s] -- Found PythonExtra: .so  
[6.586s] -- Added test 'flake8' to check Python code syntax and style conventions
[6.587s] -- Added test 'lint_cmake' to check CMake code style
[6.587s] -- Added test 'pep257' to check Python code against some of the docstring style conventions in PEP 257
[6.590s] -- Added test 'xmllint' to check XML markup files
[6.595s] -- Configuring done (6.4s)
[6.633s] -- Generating done (0.0s)
[6.635s] -- Build files have been written to: /home/advaypakhale/Documents/ros2_ws/src/controls_ws/build/custom_msgs
[6.649s] Invoked command in '/home/advaypakhale/Documents/ros2_ws/src/controls_ws/build/custom_msgs' returned '0': CMAKE_PREFIX_PATH=/opt/ros/humble /home/advaypakhale/.local/bin/cmake /home/advaypakhale/Documents/ros2_ws/src/controls_ws/custom_msgs -DCMAKE_INSTALL_PREFIX=/home/advaypakhale/Documents/ros2_ws/src/controls_ws/install/custom_msgs
[6.652s] Invoking command in '/home/advaypakhale/Documents/ros2_ws/src/controls_ws/build/custom_msgs': CMAKE_PREFIX_PATH=/opt/ros/humble /home/advaypakhale/.local/bin/cmake --build /home/advaypakhale/Documents/ros2_ws/src/controls_ws/build/custom_msgs -- -j4 -l4
[6.693s] [  2%] [34m[1mGenerating C code for ROS interfaces[0m
[6.699s] [  5%] [34m[1mGenerating C++ code for ROS interfaces[0m
[6.703s] [  5%] Built target ament_cmake_python_copy_custom_msgs
[7.094s] [  7%] [32mBuilding C object CMakeFiles/custom_msgs__rosidl_generator_c.dir/rosidl_generator_c/custom_msgs/msg/detail/cv_object__functions.c.o[0m
[7.094s] [ 10%] [32mBuilding C object CMakeFiles/custom_msgs__rosidl_generator_c.dir/rosidl_generator_c/custom_msgs/msg/detail/thruster_speeds__functions.c.o[0m
[7.145s] running egg_info
[7.147s] creating custom_msgs.egg-info
[7.147s] writing custom_msgs.egg-info/PKG-INFO
[7.147s] writing dependency_links to custom_msgs.egg-info/dependency_links.txt
[7.147s] writing top-level names to custom_msgs.egg-info/top_level.txt
[7.148s] writing manifest file 'custom_msgs.egg-info/SOURCES.txt'
[7.151s] reading manifest file 'custom_msgs.egg-info/SOURCES.txt'
[7.152s] writing manifest file 'custom_msgs.egg-info/SOURCES.txt'
[7.162s] [ 12%] [32m[1mLinking C shared library libcustom_msgs__rosidl_generator_c.so[0m
[7.187s] [ 12%] Built target ament_cmake_python_build_custom_msgs_egg
[7.189s] [ 12%] Built target custom_msgs__rosidl_generator_c
[7.196s] [ 20%] [34m[1mGenerating C type support dispatch for ROS interfaces[0m
[7.196s] [ 20%] [34m[1mGenerating C type support for eProsima Fast-RTPS[0m
[7.196s] [ 20%] [34m[1mGenerating C introspection for ROS interfaces[0m
[7.373s] [ 20%] Built target custom_msgs__cpp
[7.380s] [ 23%] [34m[1mGenerating C++ type support dispatch for ROS interfaces[0m
[7.737s] [ 25%] [32mBuilding CXX object CMakeFiles/custom_msgs__rosidl_typesupport_c.dir/rosidl_typesupport_c/custom_msgs/msg/cv_object__type_support.cpp.o[0m
[7.782s] [ 28%] [32mBuilding CXX object CMakeFiles/custom_msgs__rosidl_typesupport_c.dir/rosidl_typesupport_c/custom_msgs/msg/thruster_speeds__type_support.cpp.o[0m
[7.821s] [ 30%] [32m[1mLinking CXX shared library libcustom_msgs__rosidl_typesupport_c.so[0m
[7.837s] [ 33%] [32mBuilding C object CMakeFiles/custom_msgs__rosidl_typesupport_introspection_c.dir/rosidl_typesupport_introspection_c/custom_msgs/msg/detail/cv_object__type_support.c.o[0m
[7.853s] [ 35%] [32mBuilding CXX object CMakeFiles/custom_msgs__rosidl_typesupport_fastrtps_c.dir/rosidl_typesupport_fastrtps_c/custom_msgs/msg/detail/cv_object__type_support_c.cpp.o[0m
[7.873s] [ 35%] Built target custom_msgs__rosidl_typesupport_c
[7.880s] [ 38%] [34m[1mGenerating C++ type support for eProsima Fast-RTPS[0m
[7.886s] [ 41%] [32mBuilding C object CMakeFiles/custom_msgs__rosidl_typesupport_introspection_c.dir/rosidl_typesupport_introspection_c/custom_msgs/msg/detail/thruster_speeds__type_support.c.o[0m
[7.938s] [ 43%] [32m[1mLinking C shared library libcustom_msgs__rosidl_typesupport_introspection_c.so[0m
[7.961s] [ 46%] [32mBuilding CXX object CMakeFiles/custom_msgs__rosidl_typesupport_cpp.dir/rosidl_typesupport_cpp/custom_msgs/msg/cv_object__type_support.cpp.o[0m
[7.970s] [ 46%] Built target custom_msgs__rosidl_typesupport_introspection_c
[7.976s] [ 48%] [34m[1mGenerating C++ introspection for ROS interfaces[0m
[8.377s] [ 51%] [32mBuilding CXX object CMakeFiles/custom_msgs__rosidl_typesupport_cpp.dir/rosidl_typesupport_cpp/custom_msgs/msg/thruster_speeds__type_support.cpp.o[0m
[8.429s] [ 53%] [32mBuilding CXX object CMakeFiles/custom_msgs__rosidl_typesupport_fastrtps_c.dir/rosidl_typesupport_fastrtps_c/custom_msgs/msg/detail/thruster_speeds__type_support_c.cpp.o[0m
[8.513s] [ 56%] [32mBuilding CXX object CMakeFiles/custom_msgs__rosidl_typesupport_fastrtps_cpp.dir/rosidl_typesupport_fastrtps_cpp/custom_msgs/msg/detail/dds_fastrtps/cv_object__type_support.cpp.o[0m
[8.567s] [ 58%] [32mBuilding CXX object CMakeFiles/custom_msgs__rosidl_typesupport_introspection_cpp.dir/rosidl_typesupport_introspection_cpp/custom_msgs/msg/detail/cv_object__type_support.cpp.o[0m
[8.816s] [ 61%] [32m[1mLinking CXX shared library libcustom_msgs__rosidl_typesupport_cpp.so[0m
[8.869s] [ 61%] Built target custom_msgs__rosidl_typesupport_cpp
[8.874s] [ 64%] [32mBuilding CXX object CMakeFiles/custom_msgs__rosidl_typesupport_fastrtps_cpp.dir/rosidl_typesupport_fastrtps_cpp/custom_msgs/msg/detail/dds_fastrtps/thruster_speeds__type_support.cpp.o[0m
[8.971s] [ 66%] [32m[1mLinking CXX shared library libcustom_msgs__rosidl_typesupport_fastrtps_c.so[0m
[9.085s] [ 66%] Built target custom_msgs__rosidl_typesupport_fastrtps_c
[9.090s] [ 69%] [32mBuilding CXX object CMakeFiles/custom_msgs__rosidl_typesupport_introspection_cpp.dir/rosidl_typesupport_introspection_cpp/custom_msgs/msg/detail/thruster_speeds__type_support.cpp.o[0m
[9.378s] [ 71%] [32m[1mLinking CXX shared library libcustom_msgs__rosidl_typesupport_fastrtps_cpp.so[0m
[9.451s] [ 71%] Built target custom_msgs__rosidl_typesupport_fastrtps_cpp
[9.487s] [ 74%] [32m[1mLinking CXX shared library libcustom_msgs__rosidl_typesupport_introspection_cpp.so[0m
[9.551s] [ 74%] Built target custom_msgs__rosidl_typesupport_introspection_cpp
[9.561s] [ 74%] Built target custom_msgs
[9.571s] [ 76%] [34m[1mGenerating Python code for ROS interfaces[0m
[10.054s] [ 76%] Built target custom_msgs__py
[10.063s] [ 79%] [32mBuilding C object CMakeFiles/custom_msgs__rosidl_generator_py.dir/rosidl_generator_py/custom_msgs/msg/_cv_object_s.c.o[0m
[10.063s] [ 82%] [32mBuilding C object CMakeFiles/custom_msgs__rosidl_generator_py.dir/rosidl_generator_py/custom_msgs/msg/_thruster_speeds_s.c.o[0m
[10.162s] [ 84%] [32m[1mLinking C shared library rosidl_generator_py/custom_msgs/libcustom_msgs__rosidl_generator_py.so[0m
[10.190s] [ 84%] Built target custom_msgs__rosidl_generator_py
[10.200s] [ 87%] [32mBuilding C object CMakeFiles/custom_msgs__rosidl_typesupport_introspection_c__pyext.dir/rosidl_generator_py/custom_msgs/_custom_msgs_s.ep.rosidl_typesupport_introspection_c.c.o[0m
[10.201s] [ 89%] [32mBuilding C object CMakeFiles/custom_msgs__rosidl_typesupport_fastrtps_c__pyext.dir/rosidl_generator_py/custom_msgs/_custom_msgs_s.ep.rosidl_typesupport_fastrtps_c.c.o[0m
[10.202s] [ 92%] [32mBuilding C object CMakeFiles/custom_msgs__rosidl_typesupport_c__pyext.dir/rosidl_generator_py/custom_msgs/_custom_msgs_s.ep.rosidl_typesupport_c.c.o[0m
[10.322s] [ 94%] [32m[1mLinking C shared library rosidl_generator_py/custom_msgs/custom_msgs_s__rosidl_typesupport_fastrtps_c.cpython-310-x86_64-linux-gnu.so[0m
[10.329s] [ 97%] [32m[1mLinking C shared library rosidl_generator_py/custom_msgs/custom_msgs_s__rosidl_typesupport_c.cpython-310-x86_64-linux-gnu.so[0m
[10.358s] [100%] [32m[1mLinking C shared library rosidl_generator_py/custom_msgs/custom_msgs_s__rosidl_typesupport_introspection_c.cpython-310-x86_64-linux-gnu.so[0m
[10.362s] [100%] Built target custom_msgs__rosidl_typesupport_fastrtps_c__pyext
[10.369s] [100%] Built target custom_msgs__rosidl_typesupport_c__pyext
[10.387s] [100%] Built target custom_msgs__rosidl_typesupport_introspection_c__pyext
[10.396s] Invoked command in '/home/advaypakhale/Documents/ros2_ws/src/controls_ws/build/custom_msgs' returned '0': CMAKE_PREFIX_PATH=/opt/ros/humble /home/advaypakhale/.local/bin/cmake --build /home/advaypakhale/Documents/ros2_ws/src/controls_ws/build/custom_msgs -- -j4 -l4
[10.513s] Invoking command in '/home/advaypakhale/Documents/ros2_ws/src/controls_ws/build/custom_msgs': CMAKE_PREFIX_PATH=/opt/ros/humble /home/advaypakhale/.local/bin/cmake --install /home/advaypakhale/Documents/ros2_ws/src/controls_ws/build/custom_msgs
[10.536s] -- Install configuration: ""
[10.536s] -- Installing: /home/advaypakhale/Documents/ros2_ws/src/controls_ws/install/custom_msgs/share/ament_index/resource_index/rosidl_interfaces/custom_msgs
[10.537s] -- Installing: /home/advaypakhale/Documents/ros2_ws/src/controls_ws/install/custom_msgs/include/custom_msgs/custom_msgs
[10.537s] -- Installing: /home/advaypakhale/Documents/ros2_ws/src/controls_ws/install/custom_msgs/include/custom_msgs/custom_msgs/msg
[10.537s] -- Installing: /home/advaypakhale/Documents/ros2_ws/src/controls_ws/install/custom_msgs/include/custom_msgs/custom_msgs/msg/rosidl_generator_c__visibility_control.h
[10.537s] -- Installing: /home/advaypakhale/Documents/ros2_ws/src/controls_ws/install/custom_msgs/include/custom_msgs/custom_msgs/msg/detail
[10.537s] -- Installing: /home/advaypakhale/Documents/ros2_ws/src/controls_ws/install/custom_msgs/include/custom_msgs/custom_msgs/msg/detail/thruster_speeds__functions.h
[10.537s] -- Installing: /home/advaypakhale/Documents/ros2_ws/src/controls_ws/install/custom_msgs/include/custom_msgs/custom_msgs/msg/detail/thruster_speeds__functions.c
[10.537s] -- Installing: /home/advaypakhale/Documents/ros2_ws/src/controls_ws/install/custom_msgs/include/custom_msgs/custom_msgs/msg/detail/cv_object__struct.h
[10.538s] -- Installing: /home/advaypakhale/Documents/ros2_ws/src/controls_ws/install/custom_msgs/include/custom_msgs/custom_msgs/msg/detail/cv_object__functions.h
[10.538s] -- Installing: /home/advaypakhale/Documents/ros2_ws/src/controls_ws/install/custom_msgs/include/custom_msgs/custom_msgs/msg/detail/cv_object__functions.c
[10.538s] -- Installing: /home/advaypakhale/Documents/ros2_ws/src/controls_ws/install/custom_msgs/include/custom_msgs/custom_msgs/msg/detail/cv_object__type_support.h
[10.538s] -- Installing: /home/advaypakhale/Documents/ros2_ws/src/controls_ws/install/custom_msgs/include/custom_msgs/custom_msgs/msg/detail/thruster_speeds__struct.h
[10.538s] -- Installing: /home/advaypakhale/Documents/ros2_ws/src/controls_ws/install/custom_msgs/include/custom_msgs/custom_msgs/msg/detail/thruster_speeds__type_support.h
[10.538s] -- Installing: /home/advaypakhale/Documents/ros2_ws/src/controls_ws/install/custom_msgs/include/custom_msgs/custom_msgs/msg/thruster_speeds.h
[10.538s] -- Installing: /home/advaypakhale/Documents/ros2_ws/src/controls_ws/install/custom_msgs/include/custom_msgs/custom_msgs/msg/cv_object.h
[10.538s] -- Installing: /home/advaypakhale/Documents/ros2_ws/src/controls_ws/install/custom_msgs/share/custom_msgs/environment/library_path.sh
[10.538s] -- Installing: /home/advaypakhale/Documents/ros2_ws/src/controls_ws/install/custom_msgs/share/custom_msgs/environment/library_path.dsv
[10.539s] -- Installing: /home/advaypakhale/Documents/ros2_ws/src/controls_ws/install/custom_msgs/lib/libcustom_msgs__rosidl_generator_c.so
[10.539s] -- Set runtime path of "/home/advaypakhale/Documents/ros2_ws/src/controls_ws/install/custom_msgs/lib/libcustom_msgs__rosidl_generator_c.so" to ""
[10.539s] -- Up-to-date: /home/advaypakhale/Documents/ros2_ws/src/controls_ws/install/custom_msgs/include/custom_msgs/custom_msgs
[10.539s] -- Up-to-date: /home/advaypakhale/Documents/ros2_ws/src/controls_ws/install/custom_msgs/include/custom_msgs/custom_msgs/msg
[10.540s] -- Up-to-date: /home/advaypakhale/Documents/ros2_ws/src/controls_ws/install/custom_msgs/include/custom_msgs/custom_msgs/msg/detail
[10.540s] -- Installing: /home/advaypakhale/Documents/ros2_ws/src/controls_ws/install/custom_msgs/include/custom_msgs/custom_msgs/msg/detail/thruster_speeds__rosidl_typesupport_fastrtps_c.h
[10.540s] -- Installing: /home/advaypakhale/Documents/ros2_ws/src/controls_ws/install/custom_msgs/include/custom_msgs/custom_msgs/msg/detail/cv_object__rosidl_typesupport_fastrtps_c.h
[10.540s] -- Installing: /home/advaypakhale/Documents/ros2_ws/src/controls_ws/install/custom_msgs/include/custom_msgs/custom_msgs/msg/rosidl_typesupport_fastrtps_c__visibility_control.h
[10.540s] -- Installing: /home/advaypakhale/Documents/ros2_ws/src/controls_ws/install/custom_msgs/lib/libcustom_msgs__rosidl_typesupport_fastrtps_c.so
[10.540s] -- Set runtime path of "/home/advaypakhale/Documents/ros2_ws/src/controls_ws/install/custom_msgs/lib/libcustom_msgs__rosidl_typesupport_fastrtps_c.so" to ""
[10.540s] -- Up-to-date: /home/advaypakhale/Documents/ros2_ws/src/controls_ws/install/custom_msgs/include/custom_msgs/custom_msgs
[10.540s] -- Up-to-date: /home/advaypakhale/Documents/ros2_ws/src/controls_ws/install/custom_msgs/include/custom_msgs/custom_msgs/msg
[10.541s] -- Installing: /home/advaypakhale/Documents/ros2_ws/src/controls_ws/install/custom_msgs/include/custom_msgs/custom_msgs/msg/thruster_speeds.hpp
[10.541s] -- Up-to-date: /home/advaypakhale/Documents/ros2_ws/src/controls_ws/install/custom_msgs/include/custom_msgs/custom_msgs/msg/detail
[10.541s] -- Installing: /home/advaypakhale/Documents/ros2_ws/src/controls_ws/install/custom_msgs/include/custom_msgs/custom_msgs/msg/detail/thruster_speeds__traits.hpp
[10.541s] -- Installing: /home/advaypakhale/Documents/ros2_ws/src/controls_ws/install/custom_msgs/include/custom_msgs/custom_msgs/msg/detail/thruster_speeds__struct.hpp
[10.541s] -- Installing: /home/advaypakhale/Documents/ros2_ws/src/controls_ws/install/custom_msgs/include/custom_msgs/custom_msgs/msg/detail/thruster_speeds__builder.hpp
[10.541s] -- Installing: /home/advaypakhale/Documents/ros2_ws/src/controls_ws/install/custom_msgs/include/custom_msgs/custom_msgs/msg/detail/cv_object__traits.hpp
[10.541s] -- Installing: /home/advaypakhale/Documents/ros2_ws/src/controls_ws/install/custom_msgs/include/custom_msgs/custom_msgs/msg/detail/cv_object__struct.hpp
[10.541s] -- Installing: /home/advaypakhale/Documents/ros2_ws/src/controls_ws/install/custom_msgs/include/custom_msgs/custom_msgs/msg/detail/cv_object__builder.hpp
[10.542s] -- Installing: /home/advaypakhale/Documents/ros2_ws/src/controls_ws/install/custom_msgs/include/custom_msgs/custom_msgs/msg/cv_object.hpp
[10.542s] -- Up-to-date: /home/advaypakhale/Documents/ros2_ws/src/controls_ws/install/custom_msgs/include/custom_msgs/custom_msgs
[10.542s] -- Up-to-date: /home/advaypakhale/Documents/ros2_ws/src/controls_ws/install/custom_msgs/include/custom_msgs/custom_msgs/msg
[10.542s] -- Up-to-date: /home/advaypakhale/Documents/ros2_ws/src/controls_ws/install/custom_msgs/include/custom_msgs/custom_msgs/msg/detail
[10.542s] -- Installing: /home/advaypakhale/Documents/ros2_ws/src/controls_ws/install/custom_msgs/include/custom_msgs/custom_msgs/msg/detail/dds_fastrtps
[10.542s] -- Installing: /home/advaypakhale/Documents/ros2_ws/src/controls_ws/install/custom_msgs/include/custom_msgs/custom_msgs/msg/detail/thruster_speeds__rosidl_typesupport_fastrtps_cpp.hpp
[10.542s] -- Installing: /home/advaypakhale/Documents/ros2_ws/src/controls_ws/install/custom_msgs/include/custom_msgs/custom_msgs/msg/detail/cv_object__rosidl_typesupport_fastrtps_cpp.hpp
[10.542s] -- Installing: /home/advaypakhale/Documents/ros2_ws/src/controls_ws/install/custom_msgs/include/custom_msgs/custom_msgs/msg/rosidl_typesupport_fastrtps_cpp__visibility_control.h
[10.542s] -- Installing: /home/advaypakhale/Documents/ros2_ws/src/controls_ws/install/custom_msgs/lib/libcustom_msgs__rosidl_typesupport_fastrtps_cpp.so
[10.543s] -- Set runtime path of "/home/advaypakhale/Documents/ros2_ws/src/controls_ws/install/custom_msgs/lib/libcustom_msgs__rosidl_typesupport_fastrtps_cpp.so" to ""
[10.543s] -- Up-to-date: /home/advaypakhale/Documents/ros2_ws/src/controls_ws/install/custom_msgs/include/custom_msgs/custom_msgs
[10.543s] -- Up-to-date: /home/advaypakhale/Documents/ros2_ws/src/controls_ws/install/custom_msgs/include/custom_msgs/custom_msgs/msg
[10.543s] -- Installing: /home/advaypakhale/Documents/ros2_ws/src/controls_ws/install/custom_msgs/include/custom_msgs/custom_msgs/msg/rosidl_typesupport_introspection_c__visibility_control.h
[10.543s] -- Up-to-date: /home/advaypakhale/Documents/ros2_ws/src/controls_ws/install/custom_msgs/include/custom_msgs/custom_msgs/msg/detail
[10.543s] -- Installing: /home/advaypakhale/Documents/ros2_ws/src/controls_ws/install/custom_msgs/include/custom_msgs/custom_msgs/msg/detail/thruster_speeds__type_support.c
[10.543s] -- Installing: /home/advaypakhale/Documents/ros2_ws/src/controls_ws/install/custom_msgs/include/custom_msgs/custom_msgs/msg/detail/cv_object__type_support.c
[10.544s] -- Installing: /home/advaypakhale/Documents/ros2_ws/src/controls_ws/install/custom_msgs/include/custom_msgs/custom_msgs/msg/detail/thruster_speeds__rosidl_typesupport_introspection_c.h
[10.544s] -- Installing: /home/advaypakhale/Documents/ros2_ws/src/controls_ws/install/custom_msgs/include/custom_msgs/custom_msgs/msg/detail/cv_object__rosidl_typesupport_introspection_c.h
[10.544s] -- Installing: /home/advaypakhale/Documents/ros2_ws/src/controls_ws/install/custom_msgs/lib/libcustom_msgs__rosidl_typesupport_introspection_c.so
[10.544s] -- Set runtime path of "/home/advaypakhale/Documents/ros2_ws/src/controls_ws/install/custom_msgs/lib/libcustom_msgs__rosidl_typesupport_introspection_c.so" to ""
[10.544s] -- Installing: /home/advaypakhale/Documents/ros2_ws/src/controls_ws/install/custom_msgs/lib/libcustom_msgs__rosidl_typesupport_c.so
[10.545s] -- Set runtime path of "/home/advaypakhale/Documents/ros2_ws/src/controls_ws/install/custom_msgs/lib/libcustom_msgs__rosidl_typesupport_c.so" to ""
[10.545s] -- Up-to-date: /home/advaypakhale/Documents/ros2_ws/src/controls_ws/install/custom_msgs/include/custom_msgs/custom_msgs
[10.545s] -- Up-to-date: /home/advaypakhale/Documents/ros2_ws/src/controls_ws/install/custom_msgs/include/custom_msgs/custom_msgs/msg
[10.545s] -- Up-to-date: /home/advaypakhale/Documents/ros2_ws/src/controls_ws/install/custom_msgs/include/custom_msgs/custom_msgs/msg/detail
[10.545s] -- Installing: /home/advaypakhale/Documents/ros2_ws/src/controls_ws/install/custom_msgs/include/custom_msgs/custom_msgs/msg/detail/thruster_speeds__type_support.cpp
[10.545s] -- Installing: /home/advaypakhale/Documents/ros2_ws/src/controls_ws/install/custom_msgs/include/custom_msgs/custom_msgs/msg/detail/cv_object__rosidl_typesupport_introspection_cpp.hpp
[10.545s] -- Installing: /home/advaypakhale/Documents/ros2_ws/src/controls_ws/install/custom_msgs/include/custom_msgs/custom_msgs/msg/detail/cv_object__type_support.cpp
[10.545s] -- Installing: /home/advaypakhale/Documents/ros2_ws/src/controls_ws/install/custom_msgs/include/custom_msgs/custom_msgs/msg/detail/thruster_speeds__rosidl_typesupport_introspection_cpp.hpp
[10.545s] -- Installing: /home/advaypakhale/Documents/ros2_ws/src/controls_ws/install/custom_msgs/lib/libcustom_msgs__rosidl_typesupport_introspection_cpp.so
[10.546s] -- Set runtime path of "/home/advaypakhale/Documents/ros2_ws/src/controls_ws/install/custom_msgs/lib/libcustom_msgs__rosidl_typesupport_introspection_cpp.so" to ""
[10.546s] -- Installing: /home/advaypakhale/Documents/ros2_ws/src/controls_ws/install/custom_msgs/lib/libcustom_msgs__rosidl_typesupport_cpp.so
[10.546s] -- Set runtime path of "/home/advaypakhale/Documents/ros2_ws/src/controls_ws/install/custom_msgs/lib/libcustom_msgs__rosidl_typesupport_cpp.so" to ""
[10.546s] -- Installing: /home/advaypakhale/Documents/ros2_ws/src/controls_ws/install/custom_msgs/share/custom_msgs/environment/pythonpath.sh
[10.547s] -- Installing: /home/advaypakhale/Documents/ros2_ws/src/controls_ws/install/custom_msgs/share/custom_msgs/environment/pythonpath.dsv
[10.547s] -- Installing: /home/advaypakhale/Documents/ros2_ws/src/controls_ws/install/custom_msgs/local/lib/python3.10/dist-packages/custom_msgs-0.0.0-py3.10.egg-info
[10.547s] -- Installing: /home/advaypakhale/Documents/ros2_ws/src/controls_ws/install/custom_msgs/local/lib/python3.10/dist-packages/custom_msgs-0.0.0-py3.10.egg-info/dependency_links.txt
[10.547s] -- Installing: /home/advaypakhale/Documents/ros2_ws/src/controls_ws/install/custom_msgs/local/lib/python3.10/dist-packages/custom_msgs-0.0.0-py3.10.egg-info/top_level.txt
[10.547s] -- Installing: /home/advaypakhale/Documents/ros2_ws/src/controls_ws/install/custom_msgs/local/lib/python3.10/dist-packages/custom_msgs-0.0.0-py3.10.egg-info/PKG-INFO
[10.547s] -- Installing: /home/advaypakhale/Documents/ros2_ws/src/controls_ws/install/custom_msgs/local/lib/python3.10/dist-packages/custom_msgs-0.0.0-py3.10.egg-info/SOURCES.txt
[10.548s] -- Installing: /home/advaypakhale/Documents/ros2_ws/src/controls_ws/install/custom_msgs/local/lib/python3.10/dist-packages/custom_msgs
[10.548s] -- Installing: /home/advaypakhale/Documents/ros2_ws/src/controls_ws/install/custom_msgs/local/lib/python3.10/dist-packages/custom_msgs/custom_msgs_s__rosidl_typesupport_fastrtps_c.cpython-310-x86_64-linux-gnu.so
[10.548s] -- Installing: /home/advaypakhale/Documents/ros2_ws/src/controls_ws/install/custom_msgs/local/lib/python3.10/dist-packages/custom_msgs/_custom_msgs_s.ep.rosidl_typesupport_c.c
[10.548s] -- Installing: /home/advaypakhale/Documents/ros2_ws/src/controls_ws/install/custom_msgs/local/lib/python3.10/dist-packages/custom_msgs/_custom_msgs_s.ep.rosidl_typesupport_introspection_c.c
[10.548s] -- Installing: /home/advaypakhale/Documents/ros2_ws/src/controls_ws/install/custom_msgs/local/lib/python3.10/dist-packages/custom_msgs/msg
[10.548s] -- Installing: /home/advaypakhale/Documents/ros2_ws/src/controls_ws/install/custom_msgs/local/lib/python3.10/dist-packages/custom_msgs/msg/_cv_object.py
[10.548s] -- Installing: /home/advaypakhale/Documents/ros2_ws/src/controls_ws/install/custom_msgs/local/lib/python3.10/dist-packages/custom_msgs/msg/__init__.py
[10.548s] -- Installing: /home/advaypakhale/Documents/ros2_ws/src/controls_ws/install/custom_msgs/local/lib/python3.10/dist-packages/custom_msgs/msg/_cv_object_s.c
[10.548s] -- Installing: /home/advaypakhale/Documents/ros2_ws/src/controls_ws/install/custom_msgs/local/lib/python3.10/dist-packages/custom_msgs/msg/_thruster_speeds_s.c
[10.549s] -- Installing: /home/advaypakhale/Documents/ros2_ws/src/controls_ws/install/custom_msgs/local/lib/python3.10/dist-packages/custom_msgs/msg/_thruster_speeds.py
[10.549s] -- Installing: /home/advaypakhale/Documents/ros2_ws/src/controls_ws/install/custom_msgs/local/lib/python3.10/dist-packages/custom_msgs/custom_msgs_s__rosidl_typesupport_introspection_c.cpython-310-x86_64-linux-gnu.so
[10.549s] -- Installing: /home/advaypakhale/Documents/ros2_ws/src/controls_ws/install/custom_msgs/local/lib/python3.10/dist-packages/custom_msgs/_custom_msgs_s.ep.rosidl_typesupport_fastrtps_c.c
[10.549s] -- Installing: /home/advaypakhale/Documents/ros2_ws/src/controls_ws/install/custom_msgs/local/lib/python3.10/dist-packages/custom_msgs/__init__.py
[10.549s] -- Installing: /home/advaypakhale/Documents/ros2_ws/src/controls_ws/install/custom_msgs/local/lib/python3.10/dist-packages/custom_msgs/libcustom_msgs__rosidl_generator_py.so
[10.549s] -- Installing: /home/advaypakhale/Documents/ros2_ws/src/controls_ws/install/custom_msgs/local/lib/python3.10/dist-packages/custom_msgs/custom_msgs_s__rosidl_typesupport_c.cpython-310-x86_64-linux-gnu.so
[10.622s] Listing '/home/advaypakhale/Documents/ros2_ws/src/controls_ws/install/custom_msgs/local/lib/python3.10/dist-packages/custom_msgs'...
[10.622s] Compiling '/home/advaypakhale/Documents/ros2_ws/src/controls_ws/install/custom_msgs/local/lib/python3.10/dist-packages/custom_msgs/__init__.py'...
[10.622s] Listing '/home/advaypakhale/Documents/ros2_ws/src/controls_ws/install/custom_msgs/local/lib/python3.10/dist-packages/custom_msgs/msg'...
[10.622s] Compiling '/home/advaypakhale/Documents/ros2_ws/src/controls_ws/install/custom_msgs/local/lib/python3.10/dist-packages/custom_msgs/msg/__init__.py'...
[10.622s] Compiling '/home/advaypakhale/Documents/ros2_ws/src/controls_ws/install/custom_msgs/local/lib/python3.10/dist-packages/custom_msgs/msg/_cv_object.py'...
[10.622s] Compiling '/home/advaypakhale/Documents/ros2_ws/src/controls_ws/install/custom_msgs/local/lib/python3.10/dist-packages/custom_msgs/msg/_thruster_speeds.py'...
[10.624s] -- Installing: /home/advaypakhale/Documents/ros2_ws/src/controls_ws/install/custom_msgs/local/lib/python3.10/dist-packages/custom_msgs/custom_msgs_s__rosidl_typesupport_fastrtps_c.cpython-310-x86_64-linux-gnu.so
[10.625s] -- Set runtime path of "/home/advaypakhale/Documents/ros2_ws/src/controls_ws/install/custom_msgs/local/lib/python3.10/dist-packages/custom_msgs/custom_msgs_s__rosidl_typesupport_fastrtps_c.cpython-310-x86_64-linux-gnu.so" to ""
[10.625s] -- Installing: /home/advaypakhale/Documents/ros2_ws/src/controls_ws/install/custom_msgs/local/lib/python3.10/dist-packages/custom_msgs/custom_msgs_s__rosidl_typesupport_introspection_c.cpython-310-x86_64-linux-gnu.so
[10.626s] -- Set runtime path of "/home/advaypakhale/Documents/ros2_ws/src/controls_ws/install/custom_msgs/local/lib/python3.10/dist-packages/custom_msgs/custom_msgs_s__rosidl_typesupport_introspection_c.cpython-310-x86_64-linux-gnu.so" to ""
[10.626s] -- Installing: /home/advaypakhale/Documents/ros2_ws/src/controls_ws/install/custom_msgs/local/lib/python3.10/dist-packages/custom_msgs/custom_msgs_s__rosidl_typesupport_c.cpython-310-x86_64-linux-gnu.so
[10.626s] -- Set runtime path of "/home/advaypakhale/Documents/ros2_ws/src/controls_ws/install/custom_msgs/local/lib/python3.10/dist-packages/custom_msgs/custom_msgs_s__rosidl_typesupport_c.cpython-310-x86_64-linux-gnu.so" to ""
[10.627s] -- Installing: /home/advaypakhale/Documents/ros2_ws/src/controls_ws/install/custom_msgs/lib/libcustom_msgs__rosidl_generator_py.so
[10.627s] -- Set runtime path of "/home/advaypakhale/Documents/ros2_ws/src/controls_ws/install/custom_msgs/lib/libcustom_msgs__rosidl_generator_py.so" to ""
[10.627s] -- Installing: /home/advaypakhale/Documents/ros2_ws/src/controls_ws/install/custom_msgs/share/custom_msgs/msg/CVObject.idl
[10.627s] -- Installing: /home/advaypakhale/Documents/ros2_ws/src/controls_ws/install/custom_msgs/share/custom_msgs/msg/ThrusterSpeeds.idl
[10.628s] -- Installing: /home/advaypakhale/Documents/ros2_ws/src/controls_ws/install/custom_msgs/share/custom_msgs/msg/CVObject.msg
[10.628s] -- Installing: /home/advaypakhale/Documents/ros2_ws/src/controls_ws/install/custom_msgs/share/custom_msgs/msg/ThrusterSpeeds.msg
[10.628s] -- Installing: /home/advaypakhale/Documents/ros2_ws/src/controls_ws/install/custom_msgs/share/ament_index/resource_index/package_run_dependencies/custom_msgs
[10.628s] -- Installing: /home/advaypakhale/Documents/ros2_ws/src/controls_ws/install/custom_msgs/share/ament_index/resource_index/parent_prefix_path/custom_msgs
[10.628s] -- Installing: /home/advaypakhale/Documents/ros2_ws/src/controls_ws/install/custom_msgs/share/custom_msgs/environment/ament_prefix_path.sh
[10.628s] -- Installing: /home/advaypakhale/Documents/ros2_ws/src/controls_ws/install/custom_msgs/share/custom_msgs/environment/ament_prefix_path.dsv
[10.629s] -- Installing: /home/advaypakhale/Documents/ros2_ws/src/controls_ws/install/custom_msgs/share/custom_msgs/environment/path.sh
[10.629s] -- Installing: /home/advaypakhale/Documents/ros2_ws/src/controls_ws/install/custom_msgs/share/custom_msgs/environment/path.dsv
[10.629s] -- Installing: /home/advaypakhale/Documents/ros2_ws/src/controls_ws/install/custom_msgs/share/custom_msgs/local_setup.bash
[10.629s] -- Installing: /home/advaypakhale/Documents/ros2_ws/src/controls_ws/install/custom_msgs/share/custom_msgs/local_setup.sh
[10.629s] -- Installing: /home/advaypakhale/Documents/ros2_ws/src/controls_ws/install/custom_msgs/share/custom_msgs/local_setup.zsh
[10.630s] -- Installing: /home/advaypakhale/Documents/ros2_ws/src/controls_ws/install/custom_msgs/share/custom_msgs/local_setup.dsv
[10.630s] -- Installing: /home/advaypakhale/Documents/ros2_ws/src/controls_ws/install/custom_msgs/share/custom_msgs/package.dsv
[10.630s] -- Installing: /home/advaypakhale/Documents/ros2_ws/src/controls_ws/install/custom_msgs/share/ament_index/resource_index/packages/custom_msgs
[10.630s] -- Installing: /home/advaypakhale/Documents/ros2_ws/src/controls_ws/install/custom_msgs/share/custom_msgs/cmake/export_custom_msgs__rosidl_generator_cExport.cmake
[10.630s] -- Installing: /home/advaypakhale/Documents/ros2_ws/src/controls_ws/install/custom_msgs/share/custom_msgs/cmake/export_custom_msgs__rosidl_generator_cExport-noconfig.cmake
[10.631s] -- Installing: /home/advaypakhale/Documents/ros2_ws/src/controls_ws/install/custom_msgs/share/custom_msgs/cmake/export_custom_msgs__rosidl_typesupport_fastrtps_cExport.cmake
[10.631s] -- Installing: /home/advaypakhale/Documents/ros2_ws/src/controls_ws/install/custom_msgs/share/custom_msgs/cmake/export_custom_msgs__rosidl_typesupport_fastrtps_cExport-noconfig.cmake
[10.631s] -- Installing: /home/advaypakhale/Documents/ros2_ws/src/controls_ws/install/custom_msgs/share/custom_msgs/cmake/export_custom_msgs__rosidl_generator_cppExport.cmake
[10.631s] -- Installing: /home/advaypakhale/Documents/ros2_ws/src/controls_ws/install/custom_msgs/share/custom_msgs/cmake/export_custom_msgs__rosidl_typesupport_fastrtps_cppExport.cmake
[10.631s] -- Installing: /home/advaypakhale/Documents/ros2_ws/src/controls_ws/install/custom_msgs/share/custom_msgs/cmake/export_custom_msgs__rosidl_typesupport_fastrtps_cppExport-noconfig.cmake
[10.631s] -- Installing: /home/advaypakhale/Documents/ros2_ws/src/controls_ws/install/custom_msgs/share/custom_msgs/cmake/custom_msgs__rosidl_typesupport_introspection_cExport.cmake
[10.632s] -- Installing: /home/advaypakhale/Documents/ros2_ws/src/controls_ws/install/custom_msgs/share/custom_msgs/cmake/custom_msgs__rosidl_typesupport_introspection_cExport-noconfig.cmake
[10.632s] -- Installing: /home/advaypakhale/Documents/ros2_ws/src/controls_ws/install/custom_msgs/share/custom_msgs/cmake/custom_msgs__rosidl_typesupport_cExport.cmake
[10.632s] -- Installing: /home/advaypakhale/Documents/ros2_ws/src/controls_ws/install/custom_msgs/share/custom_msgs/cmake/custom_msgs__rosidl_typesupport_cExport-noconfig.cmake
[10.632s] -- Installing: /home/advaypakhale/Documents/ros2_ws/src/controls_ws/install/custom_msgs/share/custom_msgs/cmake/custom_msgs__rosidl_typesupport_introspection_cppExport.cmake
[10.632s] -- Installing: /home/advaypakhale/Documents/ros2_ws/src/controls_ws/install/custom_msgs/share/custom_msgs/cmake/custom_msgs__rosidl_typesupport_introspection_cppExport-noconfig.cmake
[10.632s] -- Installing: /home/advaypakhale/Documents/ros2_ws/src/controls_ws/install/custom_msgs/share/custom_msgs/cmake/custom_msgs__rosidl_typesupport_cppExport.cmake
[10.633s] -- Installing: /home/advaypakhale/Documents/ros2_ws/src/controls_ws/install/custom_msgs/share/custom_msgs/cmake/custom_msgs__rosidl_typesupport_cppExport-noconfig.cmake
[10.633s] -- Installing: /home/advaypakhale/Documents/ros2_ws/src/controls_ws/install/custom_msgs/share/custom_msgs/cmake/export_custom_msgs__rosidl_generator_pyExport.cmake
[10.633s] -- Installing: /home/advaypakhale/Documents/ros2_ws/src/controls_ws/install/custom_msgs/share/custom_msgs/cmake/export_custom_msgs__rosidl_generator_pyExport-noconfig.cmake
[10.633s] -- Installing: /home/advaypakhale/Documents/ros2_ws/src/controls_ws/install/custom_msgs/share/custom_msgs/cmake/rosidl_cmake-extras.cmake
[10.633s] -- Installing: /home/advaypakhale/Documents/ros2_ws/src/controls_ws/install/custom_msgs/share/custom_msgs/cmake/ament_cmake_export_dependencies-extras.cmake
[10.634s] -- Installing: /home/advaypakhale/Documents/ros2_ws/src/controls_ws/install/custom_msgs/share/custom_msgs/cmake/ament_cmake_export_include_directories-extras.cmake
[10.634s] -- Installing: /home/advaypakhale/Documents/ros2_ws/src/controls_ws/install/custom_msgs/share/custom_msgs/cmake/ament_cmake_export_libraries-extras.cmake
[10.634s] -- Installing: /home/advaypakhale/Documents/ros2_ws/src/controls_ws/install/custom_msgs/share/custom_msgs/cmake/ament_cmake_export_targets-extras.cmake
[10.634s] -- Installing: /home/advaypakhale/Documents/ros2_ws/src/controls_ws/install/custom_msgs/share/custom_msgs/cmake/rosidl_cmake_export_typesupport_targets-extras.cmake
[10.634s] -- Installing: /home/advaypakhale/Documents/ros2_ws/src/controls_ws/install/custom_msgs/share/custom_msgs/cmake/rosidl_cmake_export_typesupport_libraries-extras.cmake
[10.634s] -- Installing: /home/advaypakhale/Documents/ros2_ws/src/controls_ws/install/custom_msgs/share/custom_msgs/cmake/custom_msgsConfig.cmake
[10.635s] -- Installing: /home/advaypakhale/Documents/ros2_ws/src/controls_ws/install/custom_msgs/share/custom_msgs/cmake/custom_msgsConfig-version.cmake
[10.635s] -- Installing: /home/advaypakhale/Documents/ros2_ws/src/controls_ws/install/custom_msgs/share/custom_msgs/package.xml
[10.642s] Invoked command in '/home/advaypakhale/Documents/ros2_ws/src/controls_ws/build/custom_msgs' returned '0': CMAKE_PREFIX_PATH=/opt/ros/humble /home/advaypakhale/.local/bin/cmake --install /home/advaypakhale/Documents/ros2_ws/src/controls_ws/build/custom_msgs
