[0.959s] DEBUG:colcon:Command line arguments: ['/usr/bin/colcon', 'build']
[0.959s] DEBUG:colcon:Parsed command line arguments: Namespace(log_base=None, log_level=None, verb_name='build', build_base='build', install_base='install', merge_install=False, symlink_install=False, test_result_base=None, continue_on_error=False, executor='parallel', parallel_workers=4, event_handlers=None, ignore_user_meta=False, metas=['./colcon.meta'], base_paths=['.'], packages_ignore=None, packages_ignore_regex=None, paths=None, packages_up_to=None, packages_up_to_regex=None, packages_above=None, packages_above_and_dependencies=None, packages_above_depth=None, packages_select_by_dep=None, packages_skip_by_dep=None, packages_skip_up_to=None, packages_select_build_failed=False, packages_skip_build_finished=False, packages_select_test_failures=False, packages_skip_test_passed=False, packages_select=None, packages_skip=None, packages_select_regex=None, packages_skip_regex=None, packages_start=None, packages_end=None, allow_overriding=[], cmake_args=None, cmake_target=None, cmake_target_skip_unavailable=False, cmake_clean_cache=False, cmake_clean_first=False, cmake_force_configure=False, ament_cmake_args=None, catkin_cmake_args=None, catkin_skip_building_tests=False, verb_parser=<colcon_defaults.argument_parser.defaults.DefaultArgumentsDecorator object at 0x7f68f4ba2320>, verb_extension=<colcon_core.verb.build.BuildVerb object at 0x7f68f4ba2980>, main=<bound method BuildVerb.main of <colcon_core.verb.build.BuildVerb object at 0x7f68f4ba2980>>)
[1.003s] Level 1:colcon.colcon_core.package_discovery:discover_packages(colcon_meta) check parameters
[1.003s] Level 1:colcon.colcon_core.package_discovery:discover_packages(recursive) check parameters
[1.003s] Level 1:colcon.colcon_core.package_discovery:discover_packages(ignore) check parameters
[1.003s] Level 1:colcon.colcon_core.package_discovery:discover_packages(path) check parameters
[1.003s] Level 1:colcon.colcon_core.package_discovery:discover_packages(colcon_meta) discover
[1.003s] Level 1:colcon.colcon_core.package_discovery:discover_packages(recursive) discover
[1.003s] INFO:colcon.colcon_core.package_discovery:Crawling recursively for packages in '/home/advaypakhale/Documents/ros2_ws/src/controls_ws'
[1.003s] Level 1:colcon.colcon_core.package_identification:_identify(.) by extensions ['ignore', 'ignore_ament_install']
[1.003s] Level 1:colcon.colcon_core.package_identification:_identify(.) by extension 'ignore'
[1.004s] Level 1:colcon.colcon_core.package_identification:_identify(.) by extension 'ignore_ament_install'
[1.004s] Level 1:colcon.colcon_core.package_identification:_identify(.) by extensions ['colcon_pkg']
[1.004s] Level 1:colcon.colcon_core.package_identification:_identify(.) by extension 'colcon_pkg'
[1.004s] Level 1:colcon.colcon_core.package_identification:_identify(.) by extensions ['colcon_meta']
[1.004s] Level 1:colcon.colcon_core.package_identification:_identify(.) by extension 'colcon_meta'
[1.004s] Level 1:colcon.colcon_core.package_identification:_identify(.) by extensions ['ros']
[1.004s] Level 1:colcon.colcon_core.package_identification:_identify(.) by extension 'ros'
[1.014s] Level 1:colcon.colcon_core.package_identification:_identify(.) by extensions ['cmake', 'python']
[1.014s] Level 1:colcon.colcon_core.package_identification:_identify(.) by extension 'cmake'
[1.014s] Level 1:colcon.colcon_core.package_identification:_identify(.) by extension 'python'
[1.014s] Level 1:colcon.colcon_core.package_identification:_identify(.) by extensions ['python_setup_py']
[1.014s] Level 1:colcon.colcon_core.package_identification:_identify(.) by extension 'python_setup_py'
[1.014s] Level 1:colcon.colcon_core.package_identification:_identify(build) by extensions ['ignore', 'ignore_ament_install']
[1.014s] Level 1:colcon.colcon_core.package_identification:_identify(build) by extension 'ignore'
[1.014s] Level 1:colcon.colcon_core.package_identification:_identify(build) ignored
[1.014s] Level 1:colcon.colcon_core.package_identification:_identify(controls) by extensions ['ignore', 'ignore_ament_install']
[1.014s] Level 1:colcon.colcon_core.package_identification:_identify(controls) by extension 'ignore'
[1.014s] Level 1:colcon.colcon_core.package_identification:_identify(controls) by extension 'ignore_ament_install'
[1.014s] Level 1:colcon.colcon_core.package_identification:_identify(controls) by extensions ['colcon_pkg']
[1.014s] Level 1:colcon.colcon_core.package_identification:_identify(controls) by extension 'colcon_pkg'
[1.014s] Level 1:colcon.colcon_core.package_identification:_identify(controls) by extensions ['colcon_meta']
[1.014s] Level 1:colcon.colcon_core.package_identification:_identify(controls) by extension 'colcon_meta'
[1.014s] Level 1:colcon.colcon_core.package_identification:_identify(controls) by extensions ['ros']
[1.014s] Level 1:colcon.colcon_core.package_identification:_identify(controls) by extension 'ros'
[1.017s] DEBUG:colcon.colcon_core.package_identification:Package 'controls' with type 'ros.ament_python' and name 'controls'
[1.017s] Level 1:colcon.colcon_core.package_identification:_identify(controls_core) by extensions ['ignore', 'ignore_ament_install']
[1.017s] Level 1:colcon.colcon_core.package_identification:_identify(controls_core) by extension 'ignore'
[1.017s] Level 1:colcon.colcon_core.package_identification:_identify(controls_core) by extension 'ignore_ament_install'
[1.017s] Level 1:colcon.colcon_core.package_identification:_identify(controls_core) by extensions ['colcon_pkg']
[1.017s] Level 1:colcon.colcon_core.package_identification:_identify(controls_core) by extension 'colcon_pkg'
[1.017s] Level 1:colcon.colcon_core.package_identification:_identify(controls_core) by extensions ['colcon_meta']
[1.017s] Level 1:colcon.colcon_core.package_identification:_identify(controls_core) by extension 'colcon_meta'
[1.017s] Level 1:colcon.colcon_core.package_identification:_identify(controls_core) by extensions ['ros']
[1.017s] Level 1:colcon.colcon_core.package_identification:_identify(controls_core) by extension 'ros'
[1.017s] DEBUG:colcon.colcon_core.package_identification:Package 'controls_core' with type 'ros.ament_python' and name 'controls_core'
[1.018s] Level 1:colcon.colcon_core.package_identification:_identify(custom_msgs) by extensions ['ignore', 'ignore_ament_install']
[1.018s] Level 1:colcon.colcon_core.package_identification:_identify(custom_msgs) by extension 'ignore'
[1.018s] Level 1:colcon.colcon_core.package_identification:_identify(custom_msgs) by extension 'ignore_ament_install'
[1.018s] Level 1:colcon.colcon_core.package_identification:_identify(custom_msgs) by extensions ['colcon_pkg']
[1.018s] Level 1:colcon.colcon_core.package_identification:_identify(custom_msgs) by extension 'colcon_pkg'
[1.018s] Level 1:colcon.colcon_core.package_identification:_identify(custom_msgs) by extensions ['colcon_meta']
[1.018s] Level 1:colcon.colcon_core.package_identification:_identify(custom_msgs) by extension 'colcon_meta'
[1.018s] Level 1:colcon.colcon_core.package_identification:_identify(custom_msgs) by extensions ['ros']
[1.018s] Level 1:colcon.colcon_core.package_identification:_identify(custom_msgs) by extension 'ros'
[1.018s] DEBUG:colcon.colcon_core.package_identification:Package 'custom_msgs' with type 'ros.ament_cmake' and name 'custom_msgs'
[1.018s] Level 1:colcon.colcon_core.package_identification:_identify(install) by extensions ['ignore', 'ignore_ament_install']
[1.018s] Level 1:colcon.colcon_core.package_identification:_identify(install) by extension 'ignore'
[1.019s] Level 1:colcon.colcon_core.package_identification:_identify(install) ignored
[1.019s] Level 1:colcon.colcon_core.package_identification:_identify(log) by extensions ['ignore', 'ignore_ament_install']
[1.019s] Level 1:colcon.colcon_core.package_identification:_identify(log) by extension 'ignore'
[1.019s] Level 1:colcon.colcon_core.package_identification:_identify(log) ignored
[1.019s] Level 1:colcon.colcon_core.package_identification:_identify(tasks) by extensions ['ignore', 'ignore_ament_install']
[1.019s] Level 1:colcon.colcon_core.package_identification:_identify(tasks) by extension 'ignore'
[1.019s] Level 1:colcon.colcon_core.package_identification:_identify(tasks) by extension 'ignore_ament_install'
[1.019s] Level 1:colcon.colcon_core.package_identification:_identify(tasks) by extensions ['colcon_pkg']
[1.019s] Level 1:colcon.colcon_core.package_identification:_identify(tasks) by extension 'colcon_pkg'
[1.019s] Level 1:colcon.colcon_core.package_identification:_identify(tasks) by extensions ['colcon_meta']
[1.019s] Level 1:colcon.colcon_core.package_identification:_identify(tasks) by extension 'colcon_meta'
[1.019s] Level 1:colcon.colcon_core.package_identification:_identify(tasks) by extensions ['ros']
[1.019s] Level 1:colcon.colcon_core.package_identification:_identify(tasks) by extension 'ros'
[1.020s] DEBUG:colcon.colcon_core.package_identification:Package 'tasks' with type 'ros.ament_python' and name 'tasks'
[1.020s] Level 1:colcon.colcon_core.package_discovery:discover_packages(recursive) using defaults
[1.020s] Level 1:colcon.colcon_core.package_discovery:discover_packages(ignore) discover
[1.020s] Level 1:colcon.colcon_core.package_discovery:discover_packages(ignore) using defaults
[1.020s] Level 1:colcon.colcon_core.package_discovery:discover_packages(path) discover
[1.020s] Level 1:colcon.colcon_core.package_discovery:discover_packages(path) using defaults
[1.107s] Level 1:colcon.colcon_core.package_discovery:discover_packages(prefix_path) check parameters
[1.107s] Level 1:colcon.colcon_core.package_discovery:discover_packages(prefix_path) discover
[1.137s] DEBUG:colcon.colcon_installed_package_information.package_discovery:Found 343 installed packages in /opt/ros/humble
[1.139s] Level 1:colcon.colcon_core.package_discovery:discover_packages(prefix_path) using defaults
[1.242s] Level 5:colcon.colcon_core.verb:set package 'controls' build argument 'cmake_args' from command line to 'None'
[1.242s] Level 5:colcon.colcon_core.verb:set package 'controls' build argument 'cmake_target' from command line to 'None'
[1.242s] Level 5:colcon.colcon_core.verb:set package 'controls' build argument 'cmake_target_skip_unavailable' from command line to 'False'
[1.242s] Level 5:colcon.colcon_core.verb:set package 'controls' build argument 'cmake_clean_cache' from command line to 'False'
[1.242s] Level 5:colcon.colcon_core.verb:set package 'controls' build argument 'cmake_clean_first' from command line to 'False'
[1.242s] Level 5:colcon.colcon_core.verb:set package 'controls' build argument 'cmake_force_configure' from command line to 'False'
[1.242s] Level 5:colcon.colcon_core.verb:set package 'controls' build argument 'ament_cmake_args' from command line to 'None'
[1.242s] Level 5:colcon.colcon_core.verb:set package 'controls' build argument 'catkin_cmake_args' from command line to 'None'
[1.242s] Level 5:colcon.colcon_core.verb:set package 'controls' build argument 'catkin_skip_building_tests' from command line to 'False'
[1.243s] DEBUG:colcon.colcon_core.verb:Building package 'controls' with the following arguments: {'ament_cmake_args': None, 'build_base': '/home/advaypakhale/Documents/ros2_ws/src/controls_ws/build/controls', 'catkin_cmake_args': None, 'catkin_skip_building_tests': False, 'cmake_args': None, 'cmake_clean_cache': False, 'cmake_clean_first': False, 'cmake_force_configure': False, 'cmake_target': None, 'cmake_target_skip_unavailable': False, 'install_base': '/home/advaypakhale/Documents/ros2_ws/src/controls_ws/install/controls', 'merge_install': False, 'path': '/home/advaypakhale/Documents/ros2_ws/src/controls_ws/controls', 'symlink_install': False, 'test_result_base': None}
[1.257s] Level 5:colcon.colcon_core.verb:set package 'controls_core' build argument 'cmake_args' from command line to 'None'
[1.257s] Level 5:colcon.colcon_core.verb:set package 'controls_core' build argument 'cmake_target' from command line to 'None'
[1.257s] Level 5:colcon.colcon_core.verb:set package 'controls_core' build argument 'cmake_target_skip_unavailable' from command line to 'False'
[1.257s] Level 5:colcon.colcon_core.verb:set package 'controls_core' build argument 'cmake_clean_cache' from command line to 'False'
[1.257s] Level 5:colcon.colcon_core.verb:set package 'controls_core' build argument 'cmake_clean_first' from command line to 'False'
[1.257s] Level 5:colcon.colcon_core.verb:set package 'controls_core' build argument 'cmake_force_configure' from command line to 'False'
[1.257s] Level 5:colcon.colcon_core.verb:set package 'controls_core' build argument 'ament_cmake_args' from command line to 'None'
[1.257s] Level 5:colcon.colcon_core.verb:set package 'controls_core' build argument 'catkin_cmake_args' from command line to 'None'
[1.257s] Level 5:colcon.colcon_core.verb:set package 'controls_core' build argument 'catkin_skip_building_tests' from command line to 'False'
[1.257s] DEBUG:colcon.colcon_core.verb:Building package 'controls_core' with the following arguments: {'ament_cmake_args': None, 'build_base': '/home/advaypakhale/Documents/ros2_ws/src/controls_ws/build/controls_core', 'catkin_cmake_args': None, 'catkin_skip_building_tests': False, 'cmake_args': None, 'cmake_clean_cache': False, 'cmake_clean_first': False, 'cmake_force_configure': False, 'cmake_target': None, 'cmake_target_skip_unavailable': False, 'install_base': '/home/advaypakhale/Documents/ros2_ws/src/controls_ws/install/controls_core', 'merge_install': False, 'path': '/home/advaypakhale/Documents/ros2_ws/src/controls_ws/controls_core', 'symlink_install': False, 'test_result_base': None}
[1.271s] Level 5:colcon.colcon_core.verb:set package 'custom_msgs' build argument 'cmake_args' from command line to 'None'
[1.271s] Level 5:colcon.colcon_core.verb:set package 'custom_msgs' build argument 'cmake_target' from command line to 'None'
[1.271s] Level 5:colcon.colcon_core.verb:set package 'custom_msgs' build argument 'cmake_target_skip_unavailable' from command line to 'False'
[1.271s] Level 5:colcon.colcon_core.verb:set package 'custom_msgs' build argument 'cmake_clean_cache' from command line to 'False'
[1.271s] Level 5:colcon.colcon_core.verb:set package 'custom_msgs' build argument 'cmake_clean_first' from command line to 'False'
[1.271s] Level 5:colcon.colcon_core.verb:set package 'custom_msgs' build argument 'cmake_force_configure' from command line to 'False'
[1.271s] Level 5:colcon.colcon_core.verb:set package 'custom_msgs' build argument 'ament_cmake_args' from command line to 'None'
[1.271s] Level 5:colcon.colcon_core.verb:set package 'custom_msgs' build argument 'catkin_cmake_args' from command line to 'None'
[1.271s] Level 5:colcon.colcon_core.verb:set package 'custom_msgs' build argument 'catkin_skip_building_tests' from command line to 'False'
[1.271s] DEBUG:colcon.colcon_core.verb:Building package 'custom_msgs' with the following arguments: {'ament_cmake_args': None, 'build_base': '/home/advaypakhale/Documents/ros2_ws/src/controls_ws/build/custom_msgs', 'catkin_cmake_args': None, 'catkin_skip_building_tests': False, 'cmake_args': None, 'cmake_clean_cache': False, 'cmake_clean_first': False, 'cmake_force_configure': False, 'cmake_target': None, 'cmake_target_skip_unavailable': False, 'install_base': '/home/advaypakhale/Documents/ros2_ws/src/controls_ws/install/custom_msgs', 'merge_install': False, 'path': '/home/advaypakhale/Documents/ros2_ws/src/controls_ws/custom_msgs', 'symlink_install': False, 'test_result_base': None}
[1.285s] Level 5:colcon.colcon_core.verb:set package 'tasks' build argument 'cmake_args' from command line to 'None'
[1.285s] Level 5:colcon.colcon_core.verb:set package 'tasks' build argument 'cmake_target' from command line to 'None'
[1.286s] Level 5:colcon.colcon_core.verb:set package 'tasks' build argument 'cmake_target_skip_unavailable' from command line to 'False'
[1.286s] Level 5:colcon.colcon_core.verb:set package 'tasks' build argument 'cmake_clean_cache' from command line to 'False'
[1.286s] Level 5:colcon.colcon_core.verb:set package 'tasks' build argument 'cmake_clean_first' from command line to 'False'
[1.286s] Level 5:colcon.colcon_core.verb:set package 'tasks' build argument 'cmake_force_configure' from command line to 'False'
[1.286s] Level 5:colcon.colcon_core.verb:set package 'tasks' build argument 'ament_cmake_args' from command line to 'None'
[1.286s] Level 5:colcon.colcon_core.verb:set package 'tasks' build argument 'catkin_cmake_args' from command line to 'None'
[1.286s] Level 5:colcon.colcon_core.verb:set package 'tasks' build argument 'catkin_skip_building_tests' from command line to 'False'
[1.286s] DEBUG:colcon.colcon_core.verb:Building package 'tasks' with the following arguments: {'ament_cmake_args': None, 'build_base': '/home/advaypakhale/Documents/ros2_ws/src/controls_ws/build/tasks', 'catkin_cmake_args': None, 'catkin_skip_building_tests': False, 'cmake_args': None, 'cmake_clean_cache': False, 'cmake_clean_first': False, 'cmake_force_configure': False, 'cmake_target': None, 'cmake_target_skip_unavailable': False, 'install_base': '/home/advaypakhale/Documents/ros2_ws/src/controls_ws/install/tasks', 'merge_install': False, 'path': '/home/advaypakhale/Documents/ros2_ws/src/controls_ws/tasks', 'symlink_install': False, 'test_result_base': None}
[1.300s] INFO:colcon.colcon_core.executor:Executing jobs using 'parallel' executor
[1.314s] DEBUG:colcon.colcon_parallel_executor.executor.parallel:run_until_complete
[1.314s] INFO:colcon.colcon_ros.task.ament_cmake.build:Building ROS package in '/home/advaypakhale/Documents/ros2_ws/src/controls_ws/custom_msgs' with build type 'ament_cmake'
[1.314s] INFO:colcon.colcon_cmake.task.cmake.build:Building CMake package in '/home/advaypakhale/Documents/ros2_ws/src/controls_ws/custom_msgs'
[1.331s] INFO:colcon.colcon_core.plugin_system:Skipping extension 'colcon_core.shell.bat': Not used on non-Windows systems
[1.331s] INFO:colcon.colcon_core.shell:Skip shell extension 'powershell' for command environment: Not usable outside of PowerShell
[1.331s] DEBUG:colcon.colcon_core.shell:Skip shell extension 'dsv' for command environment
[1.363s] INFO:colcon.colcon_ros.task.ament_python.build:Building ROS package in '/home/advaypakhale/Documents/ros2_ws/src/controls_ws/controls' with build type 'ament_python'
[1.363s] Level 1:colcon.colcon_core.shell:create_environment_hook('controls', 'ament_prefix_path')
[1.379s] INFO:colcon.colcon_core.shell:Creating environment hook '/home/advaypakhale/Documents/ros2_ws/src/controls_ws/install/controls/share/controls/hook/ament_prefix_path.ps1'
[1.380s] INFO:colcon.colcon_core.shell:Creating environment descriptor '/home/advaypakhale/Documents/ros2_ws/src/controls_ws/install/controls/share/controls/hook/ament_prefix_path.dsv'
[1.380s] INFO:colcon.colcon_core.shell:Creating environment hook '/home/advaypakhale/Documents/ros2_ws/src/controls_ws/install/controls/share/controls/hook/ament_prefix_path.sh'
[1.395s] INFO:colcon.colcon_core.shell:Skip shell extension 'powershell' for command environment: Not usable outside of PowerShell
[1.395s] DEBUG:colcon.colcon_core.shell:Skip shell extension 'dsv' for command environment
[1.426s] INFO:colcon.colcon_ros.task.ament_python.build:Building ROS package in '/home/advaypakhale/Documents/ros2_ws/src/controls_ws/controls_core' with build type 'ament_python'
[1.426s] Level 1:colcon.colcon_core.shell:create_environment_hook('controls_core', 'ament_prefix_path')
[1.442s] INFO:colcon.colcon_core.shell:Creating environment hook '/home/advaypakhale/Documents/ros2_ws/src/controls_ws/install/controls_core/share/controls_core/hook/ament_prefix_path.ps1'
[1.443s] INFO:colcon.colcon_core.shell:Creating environment descriptor '/home/advaypakhale/Documents/ros2_ws/src/controls_ws/install/controls_core/share/controls_core/hook/ament_prefix_path.dsv'
[1.443s] INFO:colcon.colcon_core.shell:Creating environment hook '/home/advaypakhale/Documents/ros2_ws/src/controls_ws/install/controls_core/share/controls_core/hook/ament_prefix_path.sh'
[1.458s] INFO:colcon.colcon_core.shell:Skip shell extension 'powershell' for command environment: Not usable outside of PowerShell
[1.458s] DEBUG:colcon.colcon_core.shell:Skip shell extension 'dsv' for command environment
[1.492s] DEBUG:colcon.colcon_core.event_handler.log_command:Invoking command in '/home/advaypakhale/Documents/ros2_ws/src/controls_ws/build/custom_msgs': CMAKE_PREFIX_PATH=/opt/ros/humble /home/advaypakhale/.local/bin/cmake /home/advaypakhale/Documents/ros2_ws/src/controls_ws/custom_msgs -DCMAKE_INSTALL_PREFIX=/home/advaypakhale/Documents/ros2_ws/src/controls_ws/install/custom_msgs
[1.752s] INFO:colcon.colcon_core.task.python.build:Building Python package in '/home/advaypakhale/Documents/ros2_ws/src/controls_ws/controls'
[1.768s] INFO:colcon.colcon_core.shell:Skip shell extension 'powershell' for command environment: Not usable outside of PowerShell
[1.768s] DEBUG:colcon.colcon_core.shell:Skip shell extension 'dsv' for command environment
[2.061s] INFO:colcon.colcon_core.task.python.build:Building Python package in '/home/advaypakhale/Documents/ros2_ws/src/controls_ws/controls_core'
[2.076s] INFO:colcon.colcon_core.shell:Skip shell extension 'powershell' for command environment: Not usable outside of PowerShell
[2.076s] DEBUG:colcon.colcon_core.shell:Skip shell extension 'dsv' for command environment
[2.508s] DEBUG:colcon.colcon_core.event_handler.log_command:Invoking command in '/home/advaypakhale/Documents/ros2_ws/src/controls_ws/controls_core': PYTHONPATH=/home/advaypakhale/Documents/ros2_ws/src/controls_ws/build/controls_core/prefix_override:/home/advaypakhale/Documents/ros2_ws/src/controls_ws/install/controls_core/lib/python3.10/site-packages:${PYTHONPATH} /usr/bin/python3 setup.py egg_info --egg-base ../build/controls_core build --build-base /home/advaypakhale/Documents/ros2_ws/src/controls_ws/build/controls_core/build install --record /home/advaypakhale/Documents/ros2_ws/src/controls_ws/build/controls_core/install.log --single-version-externally-managed
[2.665s] DEBUG:colcon.colcon_core.event_handler.log_command:Invoking command in '/home/advaypakhale/Documents/ros2_ws/src/controls_ws/controls': PYTHONPATH=/home/advaypakhale/Documents/ros2_ws/src/controls_ws/build/controls/prefix_override:/home/advaypakhale/Documents/ros2_ws/src/controls_ws/install/controls/lib/python3.10/site-packages:${PYTHONPATH} /usr/bin/python3 setup.py egg_info --egg-base ../build/controls build --build-base /home/advaypakhale/Documents/ros2_ws/src/controls_ws/build/controls/build install --record /home/advaypakhale/Documents/ros2_ws/src/controls_ws/build/controls/install.log --single-version-externally-managed
[2.895s] DEBUG:colcon.colcon_core.event_handler.log_command:Invoked command in '/home/advaypakhale/Documents/ros2_ws/src/controls_ws/controls_core' returned '0': PYTHONPATH=/home/advaypakhale/Documents/ros2_ws/src/controls_ws/build/controls_core/prefix_override:/home/advaypakhale/Documents/ros2_ws/src/controls_ws/install/controls_core/lib/python3.10/site-packages:${PYTHONPATH} /usr/bin/python3 setup.py egg_info --egg-base ../build/controls_core build --build-base /home/advaypakhale/Documents/ros2_ws/src/controls_ws/build/controls_core/build install --record /home/advaypakhale/Documents/ros2_ws/src/controls_ws/build/controls_core/install.log --single-version-externally-managed
[2.925s] Level 1:colcon.colcon_core.environment:checking '/home/advaypakhale/Documents/ros2_ws/src/controls_ws/install/controls_core' for CMake module files
[2.925s] Level 1:colcon.colcon_core.environment:checking '/home/advaypakhale/Documents/ros2_ws/src/controls_ws/install/controls_core' for CMake config files
[2.926s] Level 1:colcon.colcon_core.environment:checking '/home/advaypakhale/Documents/ros2_ws/src/controls_ws/install/controls_core/lib'
[2.927s] Level 1:colcon.colcon_core.environment:checking '/home/advaypakhale/Documents/ros2_ws/src/controls_ws/install/controls_core/bin'
[2.927s] Level 1:colcon.colcon_core.environment:checking '/home/advaypakhale/Documents/ros2_ws/src/controls_ws/install/controls_core/lib/pkgconfig/controls_core.pc'
[2.927s] Level 1:colcon.colcon_core.environment:checking '/home/advaypakhale/Documents/ros2_ws/src/controls_ws/install/controls_core/lib/python3.10/site-packages'
[2.927s] Level 1:colcon.colcon_core.shell:create_environment_hook('controls_core', 'pythonpath')
[2.965s] INFO:colcon.colcon_core.shell:Creating environment hook '/home/advaypakhale/Documents/ros2_ws/src/controls_ws/install/controls_core/share/controls_core/hook/pythonpath.ps1'
[2.966s] INFO:colcon.colcon_core.shell:Creating environment descriptor '/home/advaypakhale/Documents/ros2_ws/src/controls_ws/install/controls_core/share/controls_core/hook/pythonpath.dsv'
[2.966s] INFO:colcon.colcon_core.shell:Creating environment hook '/home/advaypakhale/Documents/ros2_ws/src/controls_ws/install/controls_core/share/controls_core/hook/pythonpath.sh'
[2.967s] Level 1:colcon.colcon_core.environment:checking '/home/advaypakhale/Documents/ros2_ws/src/controls_ws/install/controls_core/bin'
[2.967s] Level 1:colcon.colcon_core.environment:create_environment_scripts_only(controls_core)
[2.987s] INFO:colcon.colcon_core.shell:Creating package script '/home/advaypakhale/Documents/ros2_ws/src/controls_ws/install/controls_core/share/controls_core/package.ps1'
[2.988s] INFO:colcon.colcon_core.shell:Creating package descriptor '/home/advaypakhale/Documents/ros2_ws/src/controls_ws/install/controls_core/share/controls_core/package.dsv'
[2.989s] INFO:colcon.colcon_core.shell:Creating package script '/home/advaypakhale/Documents/ros2_ws/src/controls_ws/install/controls_core/share/controls_core/package.sh'
[2.990s] INFO:colcon.colcon_core.shell:Creating package script '/home/advaypakhale/Documents/ros2_ws/src/controls_ws/install/controls_core/share/controls_core/package.bash'
[2.992s] INFO:colcon.colcon_core.shell:Creating package script '/home/advaypakhale/Documents/ros2_ws/src/controls_ws/install/controls_core/share/controls_core/package.zsh'
[2.993s] Level 1:colcon.colcon_core.environment:create_file_with_runtime_dependencies(/home/advaypakhale/Documents/ros2_ws/src/controls_ws/install/controls_core/share/colcon-core/packages/controls_core)
[3.019s] DEBUG:colcon.colcon_core.event_handler.log_command:Invoked command in '/home/advaypakhale/Documents/ros2_ws/src/controls_ws/controls' returned '0': PYTHONPATH=/home/advaypakhale/Documents/ros2_ws/src/controls_ws/build/controls/prefix_override:/home/advaypakhale/Documents/ros2_ws/src/controls_ws/install/controls/lib/python3.10/site-packages:${PYTHONPATH} /usr/bin/python3 setup.py egg_info --egg-base ../build/controls build --build-base /home/advaypakhale/Documents/ros2_ws/src/controls_ws/build/controls/build install --record /home/advaypakhale/Documents/ros2_ws/src/controls_ws/build/controls/install.log --single-version-externally-managed
[3.037s] Level 1:colcon.colcon_core.environment:checking '/home/advaypakhale/Documents/ros2_ws/src/controls_ws/install/controls' for CMake module files
[3.037s] Level 1:colcon.colcon_core.environment:checking '/home/advaypakhale/Documents/ros2_ws/src/controls_ws/install/controls' for CMake config files
[3.038s] Level 1:colcon.colcon_core.environment:checking '/home/advaypakhale/Documents/ros2_ws/src/controls_ws/install/controls/lib'
[3.038s] Level 1:colcon.colcon_core.environment:checking '/home/advaypakhale/Documents/ros2_ws/src/controls_ws/install/controls/bin'
[3.038s] Level 1:colcon.colcon_core.environment:checking '/home/advaypakhale/Documents/ros2_ws/src/controls_ws/install/controls/lib/pkgconfig/controls.pc'
[3.038s] Level 1:colcon.colcon_core.environment:checking '/home/advaypakhale/Documents/ros2_ws/src/controls_ws/install/controls/lib/python3.10/site-packages'
[3.038s] Level 1:colcon.colcon_core.shell:create_environment_hook('controls', 'pythonpath')
[3.054s] INFO:colcon.colcon_core.shell:Creating environment hook '/home/advaypakhale/Documents/ros2_ws/src/controls_ws/install/controls/share/controls/hook/pythonpath.ps1'
[3.055s] INFO:colcon.colcon_core.shell:Creating environment descriptor '/home/advaypakhale/Documents/ros2_ws/src/controls_ws/install/controls/share/controls/hook/pythonpath.dsv'
[3.055s] INFO:colcon.colcon_core.shell:Creating environment hook '/home/advaypakhale/Documents/ros2_ws/src/controls_ws/install/controls/share/controls/hook/pythonpath.sh'
[3.055s] Level 1:colcon.colcon_core.environment:checking '/home/advaypakhale/Documents/ros2_ws/src/controls_ws/install/controls/bin'
[3.055s] Level 1:colcon.colcon_core.environment:create_environment_scripts_only(controls)
[3.071s] INFO:colcon.colcon_core.shell:Creating package script '/home/advaypakhale/Documents/ros2_ws/src/controls_ws/install/controls/share/controls/package.ps1'
[3.071s] INFO:colcon.colcon_core.shell:Creating package descriptor '/home/advaypakhale/Documents/ros2_ws/src/controls_ws/install/controls/share/controls/package.dsv'
[3.072s] INFO:colcon.colcon_core.shell:Creating package script '/home/advaypakhale/Documents/ros2_ws/src/controls_ws/install/controls/share/controls/package.sh'
[3.072s] INFO:colcon.colcon_core.shell:Creating package script '/home/advaypakhale/Documents/ros2_ws/src/controls_ws/install/controls/share/controls/package.bash'
[3.072s] INFO:colcon.colcon_core.shell:Creating package script '/home/advaypakhale/Documents/ros2_ws/src/controls_ws/install/controls/share/controls/package.zsh'
[3.072s] Level 1:colcon.colcon_core.environment:create_file_with_runtime_dependencies(/home/advaypakhale/Documents/ros2_ws/src/controls_ws/install/controls/share/colcon-core/packages/controls)
[7.964s] DEBUG:colcon.colcon_core.event_handler.log_command:Invoked command in '/home/advaypakhale/Documents/ros2_ws/src/controls_ws/build/custom_msgs' returned '0': CMAKE_PREFIX_PATH=/opt/ros/humble /home/advaypakhale/.local/bin/cmake /home/advaypakhale/Documents/ros2_ws/src/controls_ws/custom_msgs -DCMAKE_INSTALL_PREFIX=/home/advaypakhale/Documents/ros2_ws/src/controls_ws/install/custom_msgs
[7.967s] DEBUG:colcon.colcon_core.event_handler.log_command:Invoking command in '/home/advaypakhale/Documents/ros2_ws/src/controls_ws/build/custom_msgs': CMAKE_PREFIX_PATH=/opt/ros/humble /home/advaypakhale/.local/bin/cmake --build /home/advaypakhale/Documents/ros2_ws/src/controls_ws/build/custom_msgs -- -j4 -l4
[11.711s] DEBUG:colcon.colcon_core.event_handler.log_command:Invoked command in '/home/advaypakhale/Documents/ros2_ws/src/controls_ws/build/custom_msgs' returned '0': CMAKE_PREFIX_PATH=/opt/ros/humble /home/advaypakhale/.local/bin/cmake --build /home/advaypakhale/Documents/ros2_ws/src/controls_ws/build/custom_msgs -- -j4 -l4
[11.828s] DEBUG:colcon.colcon_core.event_handler.log_command:Invoking command in '/home/advaypakhale/Documents/ros2_ws/src/controls_ws/build/custom_msgs': CMAKE_PREFIX_PATH=/opt/ros/humble /home/advaypakhale/.local/bin/cmake --install /home/advaypakhale/Documents/ros2_ws/src/controls_ws/build/custom_msgs
[11.956s] Level 1:colcon.colcon_core.environment:create_environment_scripts_only(custom_msgs)
[11.957s] DEBUG:colcon.colcon_core.event_handler.log_command:Invoked command in '/home/advaypakhale/Documents/ros2_ws/src/controls_ws/build/custom_msgs' returned '0': CMAKE_PREFIX_PATH=/opt/ros/humble /home/advaypakhale/.local/bin/cmake --install /home/advaypakhale/Documents/ros2_ws/src/controls_ws/build/custom_msgs
[11.973s] Level 1:colcon.colcon_core.environment:checking '/home/advaypakhale/Documents/ros2_ws/src/controls_ws/install/custom_msgs' for CMake module files
[11.974s] Level 1:colcon.colcon_core.environment:checking '/home/advaypakhale/Documents/ros2_ws/src/controls_ws/install/custom_msgs' for CMake config files
[11.974s] Level 1:colcon.colcon_core.shell:create_environment_hook('custom_msgs', 'cmake_prefix_path')
[11.990s] INFO:colcon.colcon_core.shell:Creating environment hook '/home/advaypakhale/Documents/ros2_ws/src/controls_ws/install/custom_msgs/share/custom_msgs/hook/cmake_prefix_path.ps1'
[11.990s] INFO:colcon.colcon_core.shell:Creating environment descriptor '/home/advaypakhale/Documents/ros2_ws/src/controls_ws/install/custom_msgs/share/custom_msgs/hook/cmake_prefix_path.dsv'
[11.991s] INFO:colcon.colcon_core.shell:Creating environment hook '/home/advaypakhale/Documents/ros2_ws/src/controls_ws/install/custom_msgs/share/custom_msgs/hook/cmake_prefix_path.sh'
[11.991s] Level 1:colcon.colcon_core.environment:checking '/home/advaypakhale/Documents/ros2_ws/src/controls_ws/install/custom_msgs/lib'
[11.991s] Level 1:colcon.colcon_core.shell:create_environment_hook('custom_msgs', 'ld_library_path_lib')
[12.005s] INFO:colcon.colcon_core.shell:Creating environment hook '/home/advaypakhale/Documents/ros2_ws/src/controls_ws/install/custom_msgs/share/custom_msgs/hook/ld_library_path_lib.ps1'
[12.006s] INFO:colcon.colcon_core.shell:Creating environment descriptor '/home/advaypakhale/Documents/ros2_ws/src/controls_ws/install/custom_msgs/share/custom_msgs/hook/ld_library_path_lib.dsv'
[12.006s] INFO:colcon.colcon_core.shell:Creating environment hook '/home/advaypakhale/Documents/ros2_ws/src/controls_ws/install/custom_msgs/share/custom_msgs/hook/ld_library_path_lib.sh'
[12.006s] Level 1:colcon.colcon_core.environment:checking '/home/advaypakhale/Documents/ros2_ws/src/controls_ws/install/custom_msgs/bin'
[12.006s] Level 1:colcon.colcon_core.environment:checking '/home/advaypakhale/Documents/ros2_ws/src/controls_ws/install/custom_msgs/lib/pkgconfig/custom_msgs.pc'
[12.006s] Level 1:colcon.colcon_core.environment:checking '/home/advaypakhale/Documents/ros2_ws/src/controls_ws/install/custom_msgs/lib/python3.10/site-packages'
[12.006s] Level 1:colcon.colcon_core.environment:checking '/home/advaypakhale/Documents/ros2_ws/src/controls_ws/install/custom_msgs/bin'
[12.021s] INFO:colcon.colcon_core.shell:Creating package script '/home/advaypakhale/Documents/ros2_ws/src/controls_ws/install/custom_msgs/share/custom_msgs/package.ps1'
[12.021s] INFO:colcon.colcon_core.shell:Creating package descriptor '/home/advaypakhale/Documents/ros2_ws/src/controls_ws/install/custom_msgs/share/custom_msgs/package.dsv'
[12.021s] INFO:colcon.colcon_core.shell:Creating package script '/home/advaypakhale/Documents/ros2_ws/src/controls_ws/install/custom_msgs/share/custom_msgs/package.sh'
[12.022s] INFO:colcon.colcon_core.shell:Creating package script '/home/advaypakhale/Documents/ros2_ws/src/controls_ws/install/custom_msgs/share/custom_msgs/package.bash'
[12.022s] INFO:colcon.colcon_core.shell:Creating package script '/home/advaypakhale/Documents/ros2_ws/src/controls_ws/install/custom_msgs/share/custom_msgs/package.zsh'
[12.022s] Level 1:colcon.colcon_core.environment:create_file_with_runtime_dependencies(/home/advaypakhale/Documents/ros2_ws/src/controls_ws/install/custom_msgs/share/colcon-core/packages/custom_msgs)
[12.129s] Level 1:colcon.colcon_core.environment:create_environment_scripts_only(custom_msgs)
[12.143s] Level 1:colcon.colcon_core.environment:checking '/home/advaypakhale/Documents/ros2_ws/src/controls_ws/install/custom_msgs' for CMake module files
[12.144s] Level 1:colcon.colcon_core.environment:checking '/home/advaypakhale/Documents/ros2_ws/src/controls_ws/install/custom_msgs' for CMake config files
[12.144s] Level 1:colcon.colcon_core.shell:create_environment_hook('custom_msgs', 'cmake_prefix_path')
[12.158s] INFO:colcon.colcon_core.shell:Creating environment hook '/home/advaypakhale/Documents/ros2_ws/src/controls_ws/install/custom_msgs/share/custom_msgs/hook/cmake_prefix_path.ps1'
[12.158s] INFO:colcon.colcon_core.shell:Creating environment descriptor '/home/advaypakhale/Documents/ros2_ws/src/controls_ws/install/custom_msgs/share/custom_msgs/hook/cmake_prefix_path.dsv'
[12.158s] INFO:colcon.colcon_core.shell:Creating environment hook '/home/advaypakhale/Documents/ros2_ws/src/controls_ws/install/custom_msgs/share/custom_msgs/hook/cmake_prefix_path.sh'
[12.159s] Level 1:colcon.colcon_core.environment:checking '/home/advaypakhale/Documents/ros2_ws/src/controls_ws/install/custom_msgs/lib'
[12.159s] Level 1:colcon.colcon_core.shell:create_environment_hook('custom_msgs', 'ld_library_path_lib')
[12.174s] INFO:colcon.colcon_core.shell:Creating environment hook '/home/advaypakhale/Documents/ros2_ws/src/controls_ws/install/custom_msgs/share/custom_msgs/hook/ld_library_path_lib.ps1'
[12.174s] INFO:colcon.colcon_core.shell:Creating environment descriptor '/home/advaypakhale/Documents/ros2_ws/src/controls_ws/install/custom_msgs/share/custom_msgs/hook/ld_library_path_lib.dsv'
[12.175s] INFO:colcon.colcon_core.shell:Creating environment hook '/home/advaypakhale/Documents/ros2_ws/src/controls_ws/install/custom_msgs/share/custom_msgs/hook/ld_library_path_lib.sh'
[12.175s] Level 1:colcon.colcon_core.environment:checking '/home/advaypakhale/Documents/ros2_ws/src/controls_ws/install/custom_msgs/bin'
[12.175s] Level 1:colcon.colcon_core.environment:checking '/home/advaypakhale/Documents/ros2_ws/src/controls_ws/install/custom_msgs/lib/pkgconfig/custom_msgs.pc'
[12.175s] Level 1:colcon.colcon_core.environment:checking '/home/advaypakhale/Documents/ros2_ws/src/controls_ws/install/custom_msgs/lib/python3.10/site-packages'
[12.175s] Level 1:colcon.colcon_core.environment:checking '/home/advaypakhale/Documents/ros2_ws/src/controls_ws/install/custom_msgs/bin'
[12.190s] INFO:colcon.colcon_core.shell:Creating package script '/home/advaypakhale/Documents/ros2_ws/src/controls_ws/install/custom_msgs/share/custom_msgs/package.ps1'
[12.190s] INFO:colcon.colcon_core.shell:Creating package descriptor '/home/advaypakhale/Documents/ros2_ws/src/controls_ws/install/custom_msgs/share/custom_msgs/package.dsv'
[12.191s] INFO:colcon.colcon_core.shell:Creating package script '/home/advaypakhale/Documents/ros2_ws/src/controls_ws/install/custom_msgs/share/custom_msgs/package.sh'
[12.191s] INFO:colcon.colcon_core.shell:Creating package script '/home/advaypakhale/Documents/ros2_ws/src/controls_ws/install/custom_msgs/share/custom_msgs/package.bash'
[12.191s] INFO:colcon.colcon_core.shell:Creating package script '/home/advaypakhale/Documents/ros2_ws/src/controls_ws/install/custom_msgs/share/custom_msgs/package.zsh'
[12.192s] Level 1:colcon.colcon_core.environment:create_file_with_runtime_dependencies(/home/advaypakhale/Documents/ros2_ws/src/controls_ws/install/custom_msgs/share/colcon-core/packages/custom_msgs)
[12.192s] INFO:colcon.colcon_ros.task.ament_python.build:Building ROS package in '/home/advaypakhale/Documents/ros2_ws/src/controls_ws/tasks' with build type 'ament_python'
[12.192s] Level 1:colcon.colcon_core.shell:create_environment_hook('tasks', 'ament_prefix_path')
[12.209s] INFO:colcon.colcon_core.shell:Creating environment hook '/home/advaypakhale/Documents/ros2_ws/src/controls_ws/install/tasks/share/tasks/hook/ament_prefix_path.ps1'
[12.210s] INFO:colcon.colcon_core.shell:Creating environment descriptor '/home/advaypakhale/Documents/ros2_ws/src/controls_ws/install/tasks/share/tasks/hook/ament_prefix_path.dsv'
[12.210s] INFO:colcon.colcon_core.shell:Creating environment hook '/home/advaypakhale/Documents/ros2_ws/src/controls_ws/install/tasks/share/tasks/hook/ament_prefix_path.sh'
[12.224s] INFO:colcon.colcon_core.shell:Skip shell extension 'powershell' for command environment: Not usable outside of PowerShell
[12.224s] DEBUG:colcon.colcon_core.shell:Skip shell extension 'dsv' for command environment
[12.504s] INFO:colcon.colcon_core.task.python.build:Building Python package in '/home/advaypakhale/Documents/ros2_ws/src/controls_ws/tasks'
[12.519s] INFO:colcon.colcon_core.shell:Skip shell extension 'powershell' for command environment: Not usable outside of PowerShell
[12.519s] DEBUG:colcon.colcon_core.shell:Skip shell extension 'dsv' for command environment
[12.906s] DEBUG:colcon.colcon_core.event_handler.log_command:Invoking command in '/home/advaypakhale/Documents/ros2_ws/src/controls_ws/tasks': AMENT_PREFIX_PATH=/home/advaypakhale/Documents/ros2_ws/src/controls_ws/install/custom_msgs:${AMENT_PREFIX_PATH} CMAKE_PREFIX_PATH=/home/advaypakhale/Documents/ros2_ws/src/controls_ws/install/custom_msgs LD_LIBRARY_PATH=/home/advaypakhale/Documents/ros2_ws/src/controls_ws/install/custom_msgs/lib:${LD_LIBRARY_PATH} PYTHONPATH=/home/advaypakhale/Documents/ros2_ws/src/controls_ws/build/tasks/prefix_override:/home/advaypakhale/Documents/ros2_ws/src/controls_ws/install/tasks/lib/python3.10/site-packages:/home/advaypakhale/Documents/ros2_ws/src/controls_ws/install/custom_msgs/local/lib/python3.10/dist-packages:${PYTHONPATH} /usr/bin/python3 setup.py egg_info --egg-base ../build/tasks build --build-base /home/advaypakhale/Documents/ros2_ws/src/controls_ws/build/tasks/build install --record /home/advaypakhale/Documents/ros2_ws/src/controls_ws/build/tasks/install.log --single-version-externally-managed
[13.196s] DEBUG:colcon.colcon_core.event_handler.log_command:Invoked command in '/home/advaypakhale/Documents/ros2_ws/src/controls_ws/tasks' returned '0': AMENT_PREFIX_PATH=/home/advaypakhale/Documents/ros2_ws/src/controls_ws/install/custom_msgs:${AMENT_PREFIX_PATH} CMAKE_PREFIX_PATH=/home/advaypakhale/Documents/ros2_ws/src/controls_ws/install/custom_msgs LD_LIBRARY_PATH=/home/advaypakhale/Documents/ros2_ws/src/controls_ws/install/custom_msgs/lib:${LD_LIBRARY_PATH} PYTHONPATH=/home/advaypakhale/Documents/ros2_ws/src/controls_ws/build/tasks/prefix_override:/home/advaypakhale/Documents/ros2_ws/src/controls_ws/install/tasks/lib/python3.10/site-packages:/home/advaypakhale/Documents/ros2_ws/src/controls_ws/install/custom_msgs/local/lib/python3.10/dist-packages:${PYTHONPATH} /usr/bin/python3 setup.py egg_info --egg-base ../build/tasks build --build-base /home/advaypakhale/Documents/ros2_ws/src/controls_ws/build/tasks/build install --record /home/advaypakhale/Documents/ros2_ws/src/controls_ws/build/tasks/install.log --single-version-externally-managed
[13.210s] Level 1:colcon.colcon_core.environment:checking '/home/advaypakhale/Documents/ros2_ws/src/controls_ws/install/tasks' for CMake module files
[13.211s] Level 1:colcon.colcon_core.environment:checking '/home/advaypakhale/Documents/ros2_ws/src/controls_ws/install/tasks' for CMake config files
[13.211s] Level 1:colcon.colcon_core.environment:checking '/home/advaypakhale/Documents/ros2_ws/src/controls_ws/install/tasks/lib'
[13.211s] Level 1:colcon.colcon_core.environment:checking '/home/advaypakhale/Documents/ros2_ws/src/controls_ws/install/tasks/bin'
[13.211s] Level 1:colcon.colcon_core.environment:checking '/home/advaypakhale/Documents/ros2_ws/src/controls_ws/install/tasks/lib/pkgconfig/tasks.pc'
[13.211s] Level 1:colcon.colcon_core.environment:checking '/home/advaypakhale/Documents/ros2_ws/src/controls_ws/install/tasks/lib/python3.10/site-packages'
[13.211s] Level 1:colcon.colcon_core.shell:create_environment_hook('tasks', 'pythonpath')
[13.225s] INFO:colcon.colcon_core.shell:Creating environment hook '/home/advaypakhale/Documents/ros2_ws/src/controls_ws/install/tasks/share/tasks/hook/pythonpath.ps1'
[13.226s] INFO:colcon.colcon_core.shell:Creating environment descriptor '/home/advaypakhale/Documents/ros2_ws/src/controls_ws/install/tasks/share/tasks/hook/pythonpath.dsv'
[13.226s] INFO:colcon.colcon_core.shell:Creating environment hook '/home/advaypakhale/Documents/ros2_ws/src/controls_ws/install/tasks/share/tasks/hook/pythonpath.sh'
[13.226s] Level 1:colcon.colcon_core.environment:checking '/home/advaypakhale/Documents/ros2_ws/src/controls_ws/install/tasks/bin'
[13.226s] Level 1:colcon.colcon_core.environment:create_environment_scripts_only(tasks)
[13.241s] INFO:colcon.colcon_core.shell:Creating package script '/home/advaypakhale/Documents/ros2_ws/src/controls_ws/install/tasks/share/tasks/package.ps1'
[13.241s] INFO:colcon.colcon_core.shell:Creating package descriptor '/home/advaypakhale/Documents/ros2_ws/src/controls_ws/install/tasks/share/tasks/package.dsv'
[13.241s] INFO:colcon.colcon_core.shell:Creating package script '/home/advaypakhale/Documents/ros2_ws/src/controls_ws/install/tasks/share/tasks/package.sh'
[13.242s] INFO:colcon.colcon_core.shell:Creating package script '/home/advaypakhale/Documents/ros2_ws/src/controls_ws/install/tasks/share/tasks/package.bash'
[13.242s] INFO:colcon.colcon_core.shell:Creating package script '/home/advaypakhale/Documents/ros2_ws/src/controls_ws/install/tasks/share/tasks/package.zsh'
[13.242s] Level 1:colcon.colcon_core.environment:create_file_with_runtime_dependencies(/home/advaypakhale/Documents/ros2_ws/src/controls_ws/install/tasks/share/colcon-core/packages/tasks)
[13.242s] DEBUG:colcon.colcon_parallel_executor.executor.parallel:closing loop
[13.243s] DEBUG:colcon.colcon_parallel_executor.executor.parallel:loop closed
[13.243s] DEBUG:colcon.colcon_parallel_executor.executor.parallel:run_until_complete finished with '0'
[13.243s] DEBUG:colcon.colcon_core.event_reactor:joining thread
[13.262s] INFO:colcon.colcon_core.plugin_system:Skipping extension 'colcon_notification.desktop_notification.terminal_notifier': Not used on non-Darwin systems
[13.262s] INFO:colcon.colcon_core.plugin_system:Skipping extension 'colcon_notification.desktop_notification.win32': Not used on non-Windows systems
[13.262s] INFO:colcon.colcon_notification.desktop_notification:Sending desktop notification using 'notify2'
[13.275s] DEBUG:colcon.colcon_core.event_reactor:joined thread
[13.291s] INFO:colcon.colcon_core.shell:Creating prefix script '/home/advaypakhale/Documents/ros2_ws/src/controls_ws/install/local_setup.ps1'
[13.292s] INFO:colcon.colcon_core.shell:Creating prefix util module '/home/advaypakhale/Documents/ros2_ws/src/controls_ws/install/_local_setup_util_ps1.py'
[13.293s] INFO:colcon.colcon_core.shell:Creating prefix chain script '/home/advaypakhale/Documents/ros2_ws/src/controls_ws/install/setup.ps1'
[13.309s] INFO:colcon.colcon_core.shell:Creating prefix script '/home/advaypakhale/Documents/ros2_ws/src/controls_ws/install/local_setup.sh'
[13.309s] INFO:colcon.colcon_core.shell:Creating prefix util module '/home/advaypakhale/Documents/ros2_ws/src/controls_ws/install/_local_setup_util_sh.py'
[13.310s] INFO:colcon.colcon_core.shell:Creating prefix chain script '/home/advaypakhale/Documents/ros2_ws/src/controls_ws/install/setup.sh'
[13.325s] INFO:colcon.colcon_core.shell:Creating prefix script '/home/advaypakhale/Documents/ros2_ws/src/controls_ws/install/local_setup.bash'
[13.325s] INFO:colcon.colcon_core.shell:Creating prefix chain script '/home/advaypakhale/Documents/ros2_ws/src/controls_ws/install/setup.bash'
[13.352s] INFO:colcon.colcon_core.shell:Creating prefix script '/home/advaypakhale/Documents/ros2_ws/src/controls_ws/install/local_setup.zsh'
[13.352s] INFO:colcon.colcon_core.shell:Creating prefix chain script '/home/advaypakhale/Documents/ros2_ws/src/controls_ws/install/setup.zsh'
