/home/advaypakhale/Documents/ros2_ws/src/controls_ws/install/controls/lib/python3.10/site-packages/controls/desired_state.py
/home/advaypakhale/Documents/ros2_ws/src/controls_ws/install/controls/lib/python3.10/site-packages/controls/pid_manager.py
/home/advaypakhale/Documents/ros2_ws/src/controls_ws/install/controls/lib/python3.10/site-packages/controls/__init__.py
/home/advaypakhale/Documents/ros2_ws/src/controls_ws/install/controls/lib/python3.10/site-packages/controls/test_sub.py
/home/advaypakhale/Documents/ros2_ws/src/controls_ws/install/controls/lib/python3.10/site-packages/controls/test_pub.py
/home/advaypakhale/Documents/ros2_ws/src/controls_ws/install/controls/lib/python3.10/site-packages/controls/desired_setpoint_publisher.py
/home/advaypakhale/Documents/ros2_ws/src/controls_ws/install/controls/lib/python3.10/site-packages/controls/controls_utils.py
/home/advaypakhale/Documents/ros2_ws/src/controls_ws/install/controls/lib/python3.10/site-packages/controls/state_republisher.py
/home/advaypakhale/Documents/ros2_ws/src/controls_ws/install/controls/lib/python3.10/site-packages/controls/__pycache__/desired_state.cpython-310.pyc
/home/advaypakhale/Documents/ros2_ws/src/controls_ws/install/controls/lib/python3.10/site-packages/controls/__pycache__/pid_manager.cpython-310.pyc
/home/advaypakhale/Documents/ros2_ws/src/controls_ws/install/controls/lib/python3.10/site-packages/controls/__pycache__/__init__.cpython-310.pyc
/home/advaypakhale/Documents/ros2_ws/src/controls_ws/install/controls/lib/python3.10/site-packages/controls/__pycache__/test_sub.cpython-310.pyc
/home/advaypakhale/Documents/ros2_ws/src/controls_ws/install/controls/lib/python3.10/site-packages/controls/__pycache__/test_pub.cpython-310.pyc
/home/advaypakhale/Documents/ros2_ws/src/controls_ws/install/controls/lib/python3.10/site-packages/controls/__pycache__/desired_setpoint_publisher.cpython-310.pyc
/home/advaypakhale/Documents/ros2_ws/src/controls_ws/install/controls/lib/python3.10/site-packages/controls/__pycache__/controls_utils.cpython-310.pyc
/home/advaypakhale/Documents/ros2_ws/src/controls_ws/install/controls/lib/python3.10/site-packages/controls/__pycache__/state_republisher.cpython-310.pyc
/home/advaypakhale/Documents/ros2_ws/src/controls_ws/install/controls/share/ament_index/resource_index/packages/controls
/home/advaypakhale/Documents/ros2_ws/src/controls_ws/install/controls/share/controls/package.xml
/home/advaypakhale/Documents/ros2_ws/src/controls_ws/install/controls/lib/python3.10/site-packages/controls-0.0.0-py3.10.egg-info/dependency_links.txt
/home/advaypakhale/Documents/ros2_ws/src/controls_ws/install/controls/lib/python3.10/site-packages/controls-0.0.0-py3.10.egg-info/zip-safe
/home/advaypakhale/Documents/ros2_ws/src/controls_ws/install/controls/lib/python3.10/site-packages/controls-0.0.0-py3.10.egg-info/entry_points.txt
/home/advaypakhale/Documents/ros2_ws/src/controls_ws/install/controls/lib/python3.10/site-packages/controls-0.0.0-py3.10.egg-info/top_level.txt
/home/advaypakhale/Documents/ros2_ws/src/controls_ws/install/controls/lib/python3.10/site-packages/controls-0.0.0-py3.10.egg-info/PKG-INFO
/home/advaypakhale/Documents/ros2_ws/src/controls_ws/install/controls/lib/python3.10/site-packages/controls-0.0.0-py3.10.egg-info/SOURCES.txt
/home/advaypakhale/Documents/ros2_ws/src/controls_ws/install/controls/lib/python3.10/site-packages/controls-0.0.0-py3.10.egg-info/requires.txt
/home/advaypakhale/Documents/ros2_ws/src/controls_ws/install/controls/lib/controls/test_pub
/home/advaypakhale/Documents/ros2_ws/src/controls_ws/install/controls/lib/controls/test_sub
