[1.302s] Invoking command in '/home/advaypakhale/Documents/ros2_ws/src/controls_ws/controls': PYTHONPATH=/home/advaypakhale/Documents/ros2_ws/src/controls_ws/build/controls/prefix_override:/home/advaypakhale/Documents/ros2_ws/src/controls_ws/install/controls/lib/python3.10/site-packages:${PYTHONPATH} /usr/bin/python3 setup.py egg_info --egg-base ../build/controls build --build-base /home/advaypakhale/Documents/ros2_ws/src/controls_ws/build/controls/build install --record /home/advaypakhale/Documents/ros2_ws/src/controls_ws/build/controls/install.log --single-version-externally-managed
[1.578s] running egg_info
[1.579s] creating ../build/controls/controls.egg-info
[1.579s] writing ../build/controls/controls.egg-info/PKG-INFO
[1.579s] writing dependency_links to ../build/controls/controls.egg-info/dependency_links.txt
[1.580s] writing entry points to ../build/controls/controls.egg-info/entry_points.txt
[1.580s] writing requirements to ../build/controls/controls.egg-info/requires.txt
[1.580s] writing top-level names to ../build/controls/controls.egg-info/top_level.txt
[1.580s] writing manifest file '../build/controls/controls.egg-info/SOURCES.txt'
[1.584s] reading manifest file '../build/controls/controls.egg-info/SOURCES.txt'
[1.584s] writing manifest file '../build/controls/controls.egg-info/SOURCES.txt'
[1.584s] running build
[1.585s] running build_py
[1.585s] creating /home/advaypakhale/Documents/ros2_ws/src/controls_ws/build/controls/build
[1.586s] creating /home/advaypakhale/Documents/ros2_ws/src/controls_ws/build/controls/build/lib
[1.587s] creating /home/advaypakhale/Documents/ros2_ws/src/controls_ws/build/controls/build/lib/controls
[1.587s] copying controls/desired_state.py -> /home/advaypakhale/Documents/ros2_ws/src/controls_ws/build/controls/build/lib/controls
[1.587s] copying controls/pid_manager.py -> /home/advaypakhale/Documents/ros2_ws/src/controls_ws/build/controls/build/lib/controls
[1.587s] copying controls/__init__.py -> /home/advaypakhale/Documents/ros2_ws/src/controls_ws/build/controls/build/lib/controls
[1.587s] copying controls/test_sub.py -> /home/advaypakhale/Documents/ros2_ws/src/controls_ws/build/controls/build/lib/controls
[1.588s] copying controls/test_pub.py -> /home/advaypakhale/Documents/ros2_ws/src/controls_ws/build/controls/build/lib/controls
[1.588s] copying controls/desired_setpoint_publisher.py -> /home/advaypakhale/Documents/ros2_ws/src/controls_ws/build/controls/build/lib/controls
[1.589s] copying controls/controls_utils.py -> /home/advaypakhale/Documents/ros2_ws/src/controls_ws/build/controls/build/lib/controls
[1.589s] copying controls/state_republisher.py -> /home/advaypakhale/Documents/ros2_ws/src/controls_ws/build/controls/build/lib/controls
[1.589s] running install
[1.589s] /usr/lib/python3/dist-packages/setuptools/command/install.py:34: SetuptoolsDeprecationWarning: setup.py install is deprecated. Use build and pip and other standards-based tools.
[1.589s]   warnings.warn(
[1.590s] running install_lib
[1.590s] creating /home/advaypakhale/Documents/ros2_ws/src/controls_ws/install/controls/lib/python3.10/site-packages/controls
[1.590s] copying /home/advaypakhale/Documents/ros2_ws/src/controls_ws/build/controls/build/lib/controls/desired_state.py -> /home/advaypakhale/Documents/ros2_ws/src/controls_ws/install/controls/lib/python3.10/site-packages/controls
[1.590s] copying /home/advaypakhale/Documents/ros2_ws/src/controls_ws/build/controls/build/lib/controls/pid_manager.py -> /home/advaypakhale/Documents/ros2_ws/src/controls_ws/install/controls/lib/python3.10/site-packages/controls
[1.590s] copying /home/advaypakhale/Documents/ros2_ws/src/controls_ws/build/controls/build/lib/controls/__init__.py -> /home/advaypakhale/Documents/ros2_ws/src/controls_ws/install/controls/lib/python3.10/site-packages/controls
[1.590s] copying /home/advaypakhale/Documents/ros2_ws/src/controls_ws/build/controls/build/lib/controls/test_sub.py -> /home/advaypakhale/Documents/ros2_ws/src/controls_ws/install/controls/lib/python3.10/site-packages/controls
[1.591s] copying /home/advaypakhale/Documents/ros2_ws/src/controls_ws/build/controls/build/lib/controls/test_pub.py -> /home/advaypakhale/Documents/ros2_ws/src/controls_ws/install/controls/lib/python3.10/site-packages/controls
[1.591s] copying /home/advaypakhale/Documents/ros2_ws/src/controls_ws/build/controls/build/lib/controls/desired_setpoint_publisher.py -> /home/advaypakhale/Documents/ros2_ws/src/controls_ws/install/controls/lib/python3.10/site-packages/controls
[1.591s] copying /home/advaypakhale/Documents/ros2_ws/src/controls_ws/build/controls/build/lib/controls/controls_utils.py -> /home/advaypakhale/Documents/ros2_ws/src/controls_ws/install/controls/lib/python3.10/site-packages/controls
[1.592s] copying /home/advaypakhale/Documents/ros2_ws/src/controls_ws/build/controls/build/lib/controls/state_republisher.py -> /home/advaypakhale/Documents/ros2_ws/src/controls_ws/install/controls/lib/python3.10/site-packages/controls
[1.592s] byte-compiling /home/advaypakhale/Documents/ros2_ws/src/controls_ws/install/controls/lib/python3.10/site-packages/controls/desired_state.py to desired_state.cpython-310.pyc
[1.592s] byte-compiling /home/advaypakhale/Documents/ros2_ws/src/controls_ws/install/controls/lib/python3.10/site-packages/controls/pid_manager.py to pid_manager.cpython-310.pyc
[1.593s] byte-compiling /home/advaypakhale/Documents/ros2_ws/src/controls_ws/install/controls/lib/python3.10/site-packages/controls/__init__.py to __init__.cpython-310.pyc
[1.593s] byte-compiling /home/advaypakhale/Documents/ros2_ws/src/controls_ws/install/controls/lib/python3.10/site-packages/controls/test_sub.py to test_sub.cpython-310.pyc
[1.593s] byte-compiling /home/advaypakhale/Documents/ros2_ws/src/controls_ws/install/controls/lib/python3.10/site-packages/controls/test_pub.py to test_pub.cpython-310.pyc
[1.594s] byte-compiling /home/advaypakhale/Documents/ros2_ws/src/controls_ws/install/controls/lib/python3.10/site-packages/controls/desired_setpoint_publisher.py to desired_setpoint_publisher.cpython-310.pyc
[1.594s] byte-compiling /home/advaypakhale/Documents/ros2_ws/src/controls_ws/install/controls/lib/python3.10/site-packages/controls/controls_utils.py to controls_utils.cpython-310.pyc
[1.595s] byte-compiling /home/advaypakhale/Documents/ros2_ws/src/controls_ws/install/controls/lib/python3.10/site-packages/controls/state_republisher.py to state_republisher.cpython-310.pyc
[1.596s] running install_data
[1.597s] creating /home/advaypakhale/Documents/ros2_ws/src/controls_ws/install/controls/share/ament_index
[1.597s] creating /home/advaypakhale/Documents/ros2_ws/src/controls_ws/install/controls/share/ament_index/resource_index
[1.598s] creating /home/advaypakhale/Documents/ros2_ws/src/controls_ws/install/controls/share/ament_index/resource_index/packages
[1.598s] copying resource/controls -> /home/advaypakhale/Documents/ros2_ws/src/controls_ws/install/controls/share/ament_index/resource_index/packages
[1.598s] copying package.xml -> /home/advaypakhale/Documents/ros2_ws/src/controls_ws/install/controls/share/controls
[1.598s] running install_egg_info
[1.599s] Copying ../build/controls/controls.egg-info to /home/advaypakhale/Documents/ros2_ws/src/controls_ws/install/controls/lib/python3.10/site-packages/controls-0.0.0-py3.10.egg-info
[1.602s] running install_scripts
[1.627s] Installing test_pub script to /home/advaypakhale/Documents/ros2_ws/src/controls_ws/install/controls/lib/controls
[1.628s] Installing test_sub script to /home/advaypakhale/Documents/ros2_ws/src/controls_ws/install/controls/lib/controls
[1.629s] writing list of installed files to '/home/advaypakhale/Documents/ros2_ws/src/controls_ws/build/controls/install.log'
[1.655s] Invoked command in '/home/advaypakhale/Documents/ros2_ws/src/controls_ws/controls' returned '0': PYTHONPATH=/home/advaypakhale/Documents/ros2_ws/src/controls_ws/build/controls/prefix_override:/home/advaypakhale/Documents/ros2_ws/src/controls_ws/install/controls/lib/python3.10/site-packages:${PYTHONPATH} /usr/bin/python3 setup.py egg_info --egg-base ../build/controls build --build-base /home/advaypakhale/Documents/ros2_ws/src/controls_ws/build/controls/build install --record /home/advaypakhale/Documents/ros2_ws/src/controls_ws/build/controls/install.log --single-version-externally-managed
