running egg_info
creating ../build/controls_core/controls_core.egg-info
writing ../build/controls_core/controls_core.egg-info/PKG-INFO
writing dependency_links to ../build/controls_core/controls_core.egg-info/dependency_links.txt
writing entry points to ../build/controls_core/controls_core.egg-info/entry_points.txt
writing requirements to ../build/controls_core/controls_core.egg-info/requires.txt
writing top-level names to ../build/controls_core/controls_core.egg-info/top_level.txt
writing manifest file '../build/controls_core/controls_core.egg-info/SOURCES.txt'
reading manifest file '../build/controls_core/controls_core.egg-info/SOURCES.txt'
writing manifest file '../build/controls_core/controls_core.egg-info/SOURCES.txt'
running build
running build_py
creating /home/advaypakhale/Documents/ros2_ws/src/controls_ws/build/controls_core/build
creating /home/advaypakhale/Documents/ros2_ws/src/controls_ws/build/controls_core/build/lib
creating /home/advaypakhale/Documents/ros2_ws/src/controls_ws/build/controls_core/build/lib/controls_core
copying controls_core/thruster_allocator.py -> /home/advaypakhale/Documents/ros2_ws/src/controls_ws/build/controls_core/build/lib/controls_core
copying controls_core/state_publisher.py -> /home/advaypakhale/Documents/ros2_ws/src/controls_ws/build/controls_core/build/lib/controls_core
copying controls_core/__init__.py -> /home/advaypakhale/Documents/ros2_ws/src/controls_ws/build/controls_core/build/lib/controls_core
copying controls_core/pid.py -> /home/advaypakhale/Documents/ros2_ws/src/controls_ws/build/controls_core/build/lib/controls_core
running install
/usr/lib/python3/dist-packages/setuptools/command/install.py:34: SetuptoolsDeprecationWarning: setup.py install is deprecated. Use build and pip and other standards-based tools.
  warnings.warn(
running install_lib
creating /home/advaypakhale/Documents/ros2_ws/src/controls_ws/install/controls_core/lib/python3.10/site-packages/controls_core
copying /home/advaypakhale/Documents/ros2_ws/src/controls_ws/build/controls_core/build/lib/controls_core/thruster_allocator.py -> /home/advaypakhale/Documents/ros2_ws/src/controls_ws/install/controls_core/lib/python3.10/site-packages/controls_core
copying /home/advaypakhale/Documents/ros2_ws/src/controls_ws/build/controls_core/build/lib/controls_core/state_publisher.py -> /home/advaypakhale/Documents/ros2_ws/src/controls_ws/install/controls_core/lib/python3.10/site-packages/controls_core
copying /home/advaypakhale/Documents/ros2_ws/src/controls_ws/build/controls_core/build/lib/controls_core/__init__.py -> /home/advaypakhale/Documents/ros2_ws/src/controls_ws/install/controls_core/lib/python3.10/site-packages/controls_core
copying /home/advaypakhale/Documents/ros2_ws/src/controls_ws/build/controls_core/build/lib/controls_core/pid.py -> /home/advaypakhale/Documents/ros2_ws/src/controls_ws/install/controls_core/lib/python3.10/site-packages/controls_core
byte-compiling /home/advaypakhale/Documents/ros2_ws/src/controls_ws/install/controls_core/lib/python3.10/site-packages/controls_core/thruster_allocator.py to thruster_allocator.cpython-310.pyc
byte-compiling /home/advaypakhale/Documents/ros2_ws/src/controls_ws/install/controls_core/lib/python3.10/site-packages/controls_core/state_publisher.py to state_publisher.cpython-310.pyc
byte-compiling /home/advaypakhale/Documents/ros2_ws/src/controls_ws/install/controls_core/lib/python3.10/site-packages/controls_core/__init__.py to __init__.cpython-310.pyc
byte-compiling /home/advaypakhale/Documents/ros2_ws/src/controls_ws/install/controls_core/lib/python3.10/site-packages/controls_core/pid.py to pid.cpython-310.pyc
running install_data
creating /home/advaypakhale/Documents/ros2_ws/src/controls_ws/install/controls_core/share/ament_index
creating /home/advaypakhale/Documents/ros2_ws/src/controls_ws/install/controls_core/share/ament_index/resource_index
creating /home/advaypakhale/Documents/ros2_ws/src/controls_ws/install/controls_core/share/ament_index/resource_index/packages
copying resource/controls_core -> /home/advaypakhale/Documents/ros2_ws/src/controls_ws/install/controls_core/share/ament_index/resource_index/packages
copying package.xml -> /home/advaypakhale/Documents/ros2_ws/src/controls_ws/install/controls_core/share/controls_core
running install_egg_info
Copying ../build/controls_core/controls_core.egg-info to /home/advaypakhale/Documents/ros2_ws/src/controls_ws/install/controls_core/lib/python3.10/site-packages/controls_core-0.0.0-py3.10.egg-info
running install_scripts
writing list of installed files to '/home/advaypakhale/Documents/ros2_ws/src/controls_ws/build/controls_core/install.log'
