[1.081s] Invoking command in '/home/advaypakhale/Documents/ros2_ws/src/controls_ws/controls_core': PYTHONPATH=/home/advaypakhale/Documents/ros2_ws/src/controls_ws/build/controls_core/prefix_override:/home/advaypakhale/Documents/ros2_ws/src/controls_ws/install/controls_core/lib/python3.10/site-packages:${PYTHONPATH} /usr/bin/python3 setup.py egg_info --egg-base ../build/controls_core build --build-base /home/advaypakhale/Documents/ros2_ws/src/controls_ws/build/controls_core/build install --record /home/advaypakhale/Documents/ros2_ws/src/controls_ws/build/controls_core/install.log --single-version-externally-managed
[1.379s] running egg_info
[1.380s] creating ../build/controls_core/controls_core.egg-info
[1.380s] writing ../build/controls_core/controls_core.egg-info/PKG-INFO
[1.381s] writing dependency_links to ../build/controls_core/controls_core.egg-info/dependency_links.txt
[1.381s] writing entry points to ../build/controls_core/controls_core.egg-info/entry_points.txt
[1.381s] writing requirements to ../build/controls_core/controls_core.egg-info/requires.txt
[1.381s] writing top-level names to ../build/controls_core/controls_core.egg-info/top_level.txt
[1.382s] writing manifest file '../build/controls_core/controls_core.egg-info/SOURCES.txt'
[1.384s] reading manifest file '../build/controls_core/controls_core.egg-info/SOURCES.txt'
[1.385s] writing manifest file '../build/controls_core/controls_core.egg-info/SOURCES.txt'
[1.385s] running build
[1.385s] running build_py
[1.386s] creating /home/advaypakhale/Documents/ros2_ws/src/controls_ws/build/controls_core/build
[1.386s] creating /home/advaypakhale/Documents/ros2_ws/src/controls_ws/build/controls_core/build/lib
[1.386s] creating /home/advaypakhale/Documents/ros2_ws/src/controls_ws/build/controls_core/build/lib/controls_core
[1.386s] copying controls_core/thruster_allocator.py -> /home/advaypakhale/Documents/ros2_ws/src/controls_ws/build/controls_core/build/lib/controls_core
[1.386s] copying controls_core/state_publisher.py -> /home/advaypakhale/Documents/ros2_ws/src/controls_ws/build/controls_core/build/lib/controls_core
[1.386s] copying controls_core/__init__.py -> /home/advaypakhale/Documents/ros2_ws/src/controls_ws/build/controls_core/build/lib/controls_core
[1.386s] copying controls_core/pid.py -> /home/advaypakhale/Documents/ros2_ws/src/controls_ws/build/controls_core/build/lib/controls_core
[1.387s] running install
[1.387s] /usr/lib/python3/dist-packages/setuptools/command/install.py:34: SetuptoolsDeprecationWarning: setup.py install is deprecated. Use build and pip and other standards-based tools.
[1.387s]   warnings.warn(
[1.387s] running install_lib
[1.388s] creating /home/advaypakhale/Documents/ros2_ws/src/controls_ws/install/controls_core/lib/python3.10/site-packages/controls_core
[1.389s] copying /home/advaypakhale/Documents/ros2_ws/src/controls_ws/build/controls_core/build/lib/controls_core/thruster_allocator.py -> /home/advaypakhale/Documents/ros2_ws/src/controls_ws/install/controls_core/lib/python3.10/site-packages/controls_core
[1.389s] copying /home/advaypakhale/Documents/ros2_ws/src/controls_ws/build/controls_core/build/lib/controls_core/state_publisher.py -> /home/advaypakhale/Documents/ros2_ws/src/controls_ws/install/controls_core/lib/python3.10/site-packages/controls_core
[1.389s] copying /home/advaypakhale/Documents/ros2_ws/src/controls_ws/build/controls_core/build/lib/controls_core/__init__.py -> /home/advaypakhale/Documents/ros2_ws/src/controls_ws/install/controls_core/lib/python3.10/site-packages/controls_core
[1.389s] copying /home/advaypakhale/Documents/ros2_ws/src/controls_ws/build/controls_core/build/lib/controls_core/pid.py -> /home/advaypakhale/Documents/ros2_ws/src/controls_ws/install/controls_core/lib/python3.10/site-packages/controls_core
[1.390s] byte-compiling /home/advaypakhale/Documents/ros2_ws/src/controls_ws/install/controls_core/lib/python3.10/site-packages/controls_core/thruster_allocator.py to thruster_allocator.cpython-310.pyc
[1.391s] byte-compiling /home/advaypakhale/Documents/ros2_ws/src/controls_ws/install/controls_core/lib/python3.10/site-packages/controls_core/state_publisher.py to state_publisher.cpython-310.pyc
[1.392s] byte-compiling /home/advaypakhale/Documents/ros2_ws/src/controls_ws/install/controls_core/lib/python3.10/site-packages/controls_core/__init__.py to __init__.cpython-310.pyc
[1.392s] byte-compiling /home/advaypakhale/Documents/ros2_ws/src/controls_ws/install/controls_core/lib/python3.10/site-packages/controls_core/pid.py to pid.cpython-310.pyc
[1.392s] running install_data
[1.393s] creating /home/advaypakhale/Documents/ros2_ws/src/controls_ws/install/controls_core/share/ament_index
[1.393s] creating /home/advaypakhale/Documents/ros2_ws/src/controls_ws/install/controls_core/share/ament_index/resource_index
[1.393s] creating /home/advaypakhale/Documents/ros2_ws/src/controls_ws/install/controls_core/share/ament_index/resource_index/packages
[1.394s] copying resource/controls_core -> /home/advaypakhale/Documents/ros2_ws/src/controls_ws/install/controls_core/share/ament_index/resource_index/packages
[1.394s] copying package.xml -> /home/advaypakhale/Documents/ros2_ws/src/controls_ws/install/controls_core/share/controls_core
[1.394s] running install_egg_info
[1.396s] Copying ../build/controls_core/controls_core.egg-info to /home/advaypakhale/Documents/ros2_ws/src/controls_ws/install/controls_core/lib/python3.10/site-packages/controls_core-0.0.0-py3.10.egg-info
[1.397s] running install_scripts
[1.430s] writing list of installed files to '/home/advaypakhale/Documents/ros2_ws/src/controls_ws/build/controls_core/install.log'
[1.468s] Invoked command in '/home/advaypakhale/Documents/ros2_ws/src/controls_ws/controls_core' returned '0': PYTHONPATH=/home/advaypakhale/Documents/ros2_ws/src/controls_ws/build/controls_core/prefix_override:/home/advaypakhale/Documents/ros2_ws/src/controls_ws/install/controls_core/lib/python3.10/site-packages:${PYTHONPATH} /usr/bin/python3 setup.py egg_info --egg-base ../build/controls_core build --build-base /home/advaypakhale/Documents/ros2_ws/src/controls_ws/build/controls_core/build install --record /home/advaypakhale/Documents/ros2_ws/src/controls_ws/build/controls_core/install.log --single-version-externally-managed
