[0.712s] Invoking command in '/home/advaypakhale/Documents/ros2_ws/src/controls_ws/tasks': AMENT_PREFIX_PATH=/home/advaypakhale/Documents/ros2_ws/src/controls_ws/install/custom_msgs:${AMENT_PREFIX_PATH} CMAKE_PREFIX_PATH=/home/advaypakhale/Documents/ros2_ws/src/controls_ws/install/custom_msgs LD_LIBRARY_PATH=/home/advaypakhale/Documents/ros2_ws/src/controls_ws/install/custom_msgs/lib:${LD_LIBRARY_PATH} PYTHONPATH=/home/advaypakhale/Documents/ros2_ws/src/controls_ws/build/tasks/prefix_override:/home/advaypakhale/Documents/ros2_ws/src/controls_ws/install/tasks/lib/python3.10/site-packages:/home/advaypakhale/Documents/ros2_ws/src/controls_ws/install/custom_msgs/local/lib/python3.10/dist-packages:${PYTHONPATH} /usr/bin/python3 setup.py egg_info --egg-base ../build/tasks build --build-base /home/advaypakhale/Documents/ros2_ws/src/controls_ws/build/tasks/build install --record /home/advaypakhale/Documents/ros2_ws/src/controls_ws/build/tasks/install.log --single-version-externally-managed
[0.941s] running egg_info
[0.941s] creating ../build/tasks/tasks.egg-info
[0.941s] writing ../build/tasks/tasks.egg-info/PKG-INFO
[0.942s] writing dependency_links to ../build/tasks/tasks.egg-info/dependency_links.txt
[0.942s] writing entry points to ../build/tasks/tasks.egg-info/entry_points.txt
[0.942s] writing requirements to ../build/tasks/tasks.egg-info/requires.txt
[0.942s] writing top-level names to ../build/tasks/tasks.egg-info/top_level.txt
[0.942s] writing manifest file '../build/tasks/tasks.egg-info/SOURCES.txt'
[0.944s] reading manifest file '../build/tasks/tasks.egg-info/SOURCES.txt'
[0.945s] writing manifest file '../build/tasks/tasks.egg-info/SOURCES.txt'
[0.945s] running build
[0.946s] running build_py
[0.946s] creating /home/advaypakhale/Documents/ros2_ws/src/controls_ws/build/tasks/build
[0.946s] creating /home/advaypakhale/Documents/ros2_ws/src/controls_ws/build/tasks/build/lib
[0.946s] creating /home/advaypakhale/Documents/ros2_ws/src/controls_ws/build/tasks/build/lib/tasks
[0.946s] copying tasks/movement_test.py -> /home/advaypakhale/Documents/ros2_ws/src/controls_ws/build/tasks/build/lib/tasks
[0.946s] copying tasks/movement_tasks.py -> /home/advaypakhale/Documents/ros2_ws/src/controls_ws/build/tasks/build/lib/tasks
[0.946s] copying tasks/task.py -> /home/advaypakhale/Documents/ros2_ws/src/controls_ws/build/tasks/build/lib/tasks
[0.946s] copying tasks/__init__.py -> /home/advaypakhale/Documents/ros2_ws/src/controls_ws/build/tasks/build/lib/tasks
[0.947s] copying tasks/utilities.py -> /home/advaypakhale/Documents/ros2_ws/src/controls_ws/build/tasks/build/lib/tasks
[0.947s] copying tasks/task_state.py -> /home/advaypakhale/Documents/ros2_ws/src/controls_ws/build/tasks/build/lib/tasks
[0.947s] copying tasks/test_publish_current_state.py -> /home/advaypakhale/Documents/ros2_ws/src/controls_ws/build/tasks/build/lib/tasks
[0.947s] copying tasks/test_publish_global_pose_task.py -> /home/advaypakhale/Documents/ros2_ws/src/controls_ws/build/tasks/build/lib/tasks
[0.947s] running install
[0.947s] /usr/lib/python3/dist-packages/setuptools/command/install.py:34: SetuptoolsDeprecationWarning: setup.py install is deprecated. Use build and pip and other standards-based tools.
[0.947s]   warnings.warn(
[0.948s] running install_lib
[0.949s] creating /home/advaypakhale/Documents/ros2_ws/src/controls_ws/install/tasks/lib/python3.10/site-packages/tasks
[0.949s] copying /home/advaypakhale/Documents/ros2_ws/src/controls_ws/build/tasks/build/lib/tasks/movement_test.py -> /home/advaypakhale/Documents/ros2_ws/src/controls_ws/install/tasks/lib/python3.10/site-packages/tasks
[0.949s] copying /home/advaypakhale/Documents/ros2_ws/src/controls_ws/build/tasks/build/lib/tasks/movement_tasks.py -> /home/advaypakhale/Documents/ros2_ws/src/controls_ws/install/tasks/lib/python3.10/site-packages/tasks
[0.949s] copying /home/advaypakhale/Documents/ros2_ws/src/controls_ws/build/tasks/build/lib/tasks/task.py -> /home/advaypakhale/Documents/ros2_ws/src/controls_ws/install/tasks/lib/python3.10/site-packages/tasks
[0.949s] copying /home/advaypakhale/Documents/ros2_ws/src/controls_ws/build/tasks/build/lib/tasks/__init__.py -> /home/advaypakhale/Documents/ros2_ws/src/controls_ws/install/tasks/lib/python3.10/site-packages/tasks
[0.949s] copying /home/advaypakhale/Documents/ros2_ws/src/controls_ws/build/tasks/build/lib/tasks/utilities.py -> /home/advaypakhale/Documents/ros2_ws/src/controls_ws/install/tasks/lib/python3.10/site-packages/tasks
[0.949s] copying /home/advaypakhale/Documents/ros2_ws/src/controls_ws/build/tasks/build/lib/tasks/task_state.py -> /home/advaypakhale/Documents/ros2_ws/src/controls_ws/install/tasks/lib/python3.10/site-packages/tasks
[0.949s] copying /home/advaypakhale/Documents/ros2_ws/src/controls_ws/build/tasks/build/lib/tasks/test_publish_current_state.py -> /home/advaypakhale/Documents/ros2_ws/src/controls_ws/install/tasks/lib/python3.10/site-packages/tasks
[0.950s] copying /home/advaypakhale/Documents/ros2_ws/src/controls_ws/build/tasks/build/lib/tasks/test_publish_global_pose_task.py -> /home/advaypakhale/Documents/ros2_ws/src/controls_ws/install/tasks/lib/python3.10/site-packages/tasks
[0.950s] byte-compiling /home/advaypakhale/Documents/ros2_ws/src/controls_ws/install/tasks/lib/python3.10/site-packages/tasks/movement_test.py to movement_test.cpython-310.pyc
[0.951s] byte-compiling /home/advaypakhale/Documents/ros2_ws/src/controls_ws/install/tasks/lib/python3.10/site-packages/tasks/movement_tasks.py to movement_tasks.cpython-310.pyc
[0.951s] byte-compiling /home/advaypakhale/Documents/ros2_ws/src/controls_ws/install/tasks/lib/python3.10/site-packages/tasks/task.py to task.cpython-310.pyc
[0.952s] byte-compiling /home/advaypakhale/Documents/ros2_ws/src/controls_ws/install/tasks/lib/python3.10/site-packages/tasks/__init__.py to __init__.cpython-310.pyc
[0.952s] byte-compiling /home/advaypakhale/Documents/ros2_ws/src/controls_ws/install/tasks/lib/python3.10/site-packages/tasks/utilities.py to utilities.cpython-310.pyc
[0.954s] byte-compiling /home/advaypakhale/Documents/ros2_ws/src/controls_ws/install/tasks/lib/python3.10/site-packages/tasks/task_state.py to task_state.cpython-310.pyc
[0.954s] byte-compiling /home/advaypakhale/Documents/ros2_ws/src/controls_ws/install/tasks/lib/python3.10/site-packages/tasks/test_publish_current_state.py to test_publish_current_state.cpython-310.pyc
[0.954s] byte-compiling /home/advaypakhale/Documents/ros2_ws/src/controls_ws/install/tasks/lib/python3.10/site-packages/tasks/test_publish_global_pose_task.py to test_publish_global_pose_task.cpython-310.pyc
[0.955s] running install_data
[0.955s] creating /home/advaypakhale/Documents/ros2_ws/src/controls_ws/install/tasks/share/ament_index
[0.955s] creating /home/advaypakhale/Documents/ros2_ws/src/controls_ws/install/tasks/share/ament_index/resource_index
[0.956s] creating /home/advaypakhale/Documents/ros2_ws/src/controls_ws/install/tasks/share/ament_index/resource_index/packages
[0.956s] copying resource/tasks -> /home/advaypakhale/Documents/ros2_ws/src/controls_ws/install/tasks/share/ament_index/resource_index/packages
[0.956s] copying package.xml -> /home/advaypakhale/Documents/ros2_ws/src/controls_ws/install/tasks/share/tasks
[0.956s] running install_egg_info
[0.958s] Copying ../build/tasks/tasks.egg-info to /home/advaypakhale/Documents/ros2_ws/src/controls_ws/install/tasks/lib/python3.10/site-packages/tasks-0.0.0-py3.10.egg-info
[0.959s] running install_scripts
[0.979s] Installing movement_test script to /home/advaypakhale/Documents/ros2_ws/src/controls_ws/install/tasks/lib/tasks
[0.979s] Installing test_publish_current_state script to /home/advaypakhale/Documents/ros2_ws/src/controls_ws/install/tasks/lib/tasks
[0.979s] Installing test_publish_global_pose script to /home/advaypakhale/Documents/ros2_ws/src/controls_ws/install/tasks/lib/tasks
[0.980s] writing list of installed files to '/home/advaypakhale/Documents/ros2_ws/src/controls_ws/build/tasks/install.log'
[1.003s] Invoked command in '/home/advaypakhale/Documents/ros2_ws/src/controls_ws/tasks' returned '0': AMENT_PREFIX_PATH=/home/advaypakhale/Documents/ros2_ws/src/controls_ws/install/custom_msgs:${AMENT_PREFIX_PATH} CMAKE_PREFIX_PATH=/home/advaypakhale/Documents/ros2_ws/src/controls_ws/install/custom_msgs LD_LIBRARY_PATH=/home/advaypakhale/Documents/ros2_ws/src/controls_ws/install/custom_msgs/lib:${LD_LIBRARY_PATH} PYTHONPATH=/home/advaypakhale/Documents/ros2_ws/src/controls_ws/build/tasks/prefix_override:/home/advaypakhale/Documents/ros2_ws/src/controls_ws/install/tasks/lib/python3.10/site-packages:/home/advaypakhale/Documents/ros2_ws/src/controls_ws/install/custom_msgs/local/lib/python3.10/dist-packages:${PYTHONPATH} /usr/bin/python3 setup.py egg_info --egg-base ../build/tasks build --build-base /home/advaypakhale/Documents/ros2_ws/src/controls_ws/build/tasks/build install --record /home/advaypakhale/Documents/ros2_ws/src/controls_ws/build/tasks/install.log --single-version-externally-managed
