/home/advaypakhale/Documents/ros2_ws/src/controls_ws/install/tasks/lib/python3.10/site-packages/tasks/movement_test.py
/home/advaypakhale/Documents/ros2_ws/src/controls_ws/install/tasks/lib/python3.10/site-packages/tasks/movement_tasks.py
/home/advaypakhale/Documents/ros2_ws/src/controls_ws/install/tasks/lib/python3.10/site-packages/tasks/task.py
/home/advaypakhale/Documents/ros2_ws/src/controls_ws/install/tasks/lib/python3.10/site-packages/tasks/__init__.py
/home/advaypakhale/Documents/ros2_ws/src/controls_ws/install/tasks/lib/python3.10/site-packages/tasks/utilities.py
/home/advaypakhale/Documents/ros2_ws/src/controls_ws/install/tasks/lib/python3.10/site-packages/tasks/task_state.py
/home/advaypakhale/Documents/ros2_ws/src/controls_ws/install/tasks/lib/python3.10/site-packages/tasks/test_publish_current_state.py
/home/advaypakhale/Documents/ros2_ws/src/controls_ws/install/tasks/lib/python3.10/site-packages/tasks/test_publish_global_pose_task.py
/home/advaypakhale/Documents/ros2_ws/src/controls_ws/install/tasks/lib/python3.10/site-packages/tasks/__pycache__/movement_test.cpython-310.pyc
/home/advaypakhale/Documents/ros2_ws/src/controls_ws/install/tasks/lib/python3.10/site-packages/tasks/__pycache__/movement_tasks.cpython-310.pyc
/home/advaypakhale/Documents/ros2_ws/src/controls_ws/install/tasks/lib/python3.10/site-packages/tasks/__pycache__/task.cpython-310.pyc
/home/advaypakhale/Documents/ros2_ws/src/controls_ws/install/tasks/lib/python3.10/site-packages/tasks/__pycache__/__init__.cpython-310.pyc
/home/advaypakhale/Documents/ros2_ws/src/controls_ws/install/tasks/lib/python3.10/site-packages/tasks/__pycache__/utilities.cpython-310.pyc
/home/advaypakhale/Documents/ros2_ws/src/controls_ws/install/tasks/lib/python3.10/site-packages/tasks/__pycache__/task_state.cpython-310.pyc
/home/advaypakhale/Documents/ros2_ws/src/controls_ws/install/tasks/lib/python3.10/site-packages/tasks/__pycache__/test_publish_current_state.cpython-310.pyc
/home/advaypakhale/Documents/ros2_ws/src/controls_ws/install/tasks/lib/python3.10/site-packages/tasks/__pycache__/test_publish_global_pose_task.cpython-310.pyc
/home/advaypakhale/Documents/ros2_ws/src/controls_ws/install/tasks/share/ament_index/resource_index/packages/tasks
/home/advaypakhale/Documents/ros2_ws/src/controls_ws/install/tasks/share/tasks/package.xml
/home/advaypakhale/Documents/ros2_ws/src/controls_ws/install/tasks/lib/python3.10/site-packages/tasks-0.0.0-py3.10.egg-info/dependency_links.txt
/home/advaypakhale/Documents/ros2_ws/src/controls_ws/install/tasks/lib/python3.10/site-packages/tasks-0.0.0-py3.10.egg-info/zip-safe
/home/advaypakhale/Documents/ros2_ws/src/controls_ws/install/tasks/lib/python3.10/site-packages/tasks-0.0.0-py3.10.egg-info/entry_points.txt
/home/advaypakhale/Documents/ros2_ws/src/controls_ws/install/tasks/lib/python3.10/site-packages/tasks-0.0.0-py3.10.egg-info/top_level.txt
/home/advaypakhale/Documents/ros2_ws/src/controls_ws/install/tasks/lib/python3.10/site-packages/tasks-0.0.0-py3.10.egg-info/PKG-INFO
/home/advaypakhale/Documents/ros2_ws/src/controls_ws/install/tasks/lib/python3.10/site-packages/tasks-0.0.0-py3.10.egg-info/SOURCES.txt
/home/advaypakhale/Documents/ros2_ws/src/controls_ws/install/tasks/lib/python3.10/site-packages/tasks-0.0.0-py3.10.egg-info/requires.txt
/home/advaypakhale/Documents/ros2_ws/src/controls_ws/install/tasks/lib/tasks/movement_test
/home/advaypakhale/Documents/ros2_ws/src/controls_ws/install/tasks/lib/tasks/test_publish_current_state
/home/advaypakhale/Documents/ros2_ws/src/controls_ws/install/tasks/lib/tasks/test_publish_global_pose
